<testsuites>
<testsuite name="pytest" errors="0" failures="24" skipped="70" tests="1085" time="8512.893" timestamp="2023-03-03T01:41:17.400860" hostname="e2e-ui-regression">
<testcase classname="tests.ui.account_v3.test_account_plans_details.TestSuite" name="test_account_plans_details_aum_plan_all_users_general_plan_info[Plan: all types [1626916875.922434]-100_1626916872.828448_email@test.planet.com]" time="42.478"/>
<testcase classname="tests.ui.account_v3.test_account_plans_details.TestSuite" name="test_account_plans_details_preferred_plan_monthly_interval_all_users_scene_tiles[QE_Org_Preferred_002-100_1626916697.336703_email@test.planet.com]" time="49.579"/>
<testcase classname="tests.ui.account_v3.test_account_dashboard.TestSuite" name="test_account_dashboard_planet_admin_navigation_menus[2000_1626916359.543333_email@test.planet.com-Planet Admin-Admin Planeteer]" time="50.472"/>
<testcase classname="tests.ui.account_v3.test_account_plans_details.TestSuite" name="test_account_plans_details_starter_plan_all_users_general_plan_info[QE_Org_Starter_002-100_1626916367.9476259_email@test.planet.com]" time="52.508"/>
<testcase classname="tests.ui.account_v3.test_account_plans_details.TestSuite" name="test_account_plans_details_cfd_preferred_plan_all_users_general_plan_info[Plan: all types [1641589844.603434]-1000_1641589838.368046_email@test.planet.com]" time="54.158"/>
<testcase classname="tests.ui.account_v3.test_account.TestSuite" name="test_account_login_logout_new_user" time="58.658"/>
<testcase classname="tests.ui.account_v3.test_account_my_settings_gee_integration.TestSuite" name="test_account_my_settings_gee_integration_create[1999]" time="69.089"/>
<testcase classname="tests.ui.account_v3.test_account_dashboard.TestSuite" name="test_account_dashboard_planet_admin_navigation_menus[1999_1783116375.446303_email@test.planet.com-Planet AdminViewer-Planeteer]" time="26.280"/>
<testcase classname="tests.ui.account_v3.test_account_plans_details.TestSuite" name="test_account_plans_details_aum_plan_all_users_general_plan_info[Plan: all types [1626916875.922434]-1000_1626916869.9007201_email@test.planet.com]" time="36.484"/>
<testcase classname="tests.ui.account_v3.test_account.TestSuite" name="test_account_login_logout_incorrect_password" time="22.496"/>
<testcase classname="tests.ui.account_v3.test_account_plans_details.TestSuite" name="test_account_plans_details_preferred_plan_monthly_interval_all_users_scene_tiles[QE_Org_Preferred_002-1000_1626916694.0740118_email@test.planet.com]" time="32.830"/>
<testcase classname="tests.ui.account_v3.test_account_plans_details.TestSuite" name="test_account_plans_details_starter_plan_all_users_general_plan_info[QE_Org_Starter_002-1000_1626916363.9706812_email@test.planet.com]" time="35.367"/>
<testcase classname="tests.ui.account_v3.test_account_plans_details.TestSuite" name="test_account_plans_details_cfd_preferred_plan_all_users_general_plan_info[Plan: all types [1641589844.603434]-2000_1641589835.315594_email@test.planet.com]" time="39.296"/>
<testcase classname="tests.ui.account_v3.test_account_all_organizations.TestSuite" name="test_account_all_organizations_pagination_rows_per_page[20-1999_1783116375.446303_email@test.planet.com]" time="114.559"/>
<testcase classname="tests.ui.account_v3.test_account_plans_details.TestSuite" name="test_account_plans_details_aum_plan_all_users_general_plan_info[Plan: all types [1626916875.922434]-1999_1693919945.794107_email@test.planet.com]" time="38.088"/>
<testcase classname="tests.ui.account_v3.test_account_plans_details.TestSuite" name="test_account_plans_details_preferred_plan_monthly_interval_all_users_scene_tiles[QE_Org_Preferred_002-2000_1626916690.382369_email@test.planet.com]" time="35.777"/>
<testcase classname="tests.ui.account_v3.test_account.TestSuite" name="test_account_login_logout_deleted_org" time="37.664"/>
<testcase classname="tests.ui.account_v3.test_account_all_users.TestSuite" name="test_account_all_users_sort_name_and_user_id_columns[1999_1783116375.446303_email@test.planet.com]" time="119.863"/>
<testcase classname="tests.ui.account_v3.test_account_plans_details.TestSuite" name="test_account_plans_details_starter_plan_all_users_general_plan_info[QE_Org_Starter_002-1999_1783116375.446303_email@test.planet.com]" time="37.532"/>
<testcase classname="tests.ui.account_v3.test_account_my_settings_gee_integration.TestSuite" name="test_account_my_settings_gee_integration_create[2000]" time="57.182"/>
<testcase classname="tests.ui.account_v3.test_account_plans_details.TestSuite" name="test_account_plans_details_cfd_preferred_plan_all_users_scene_downloads[Plan: all types [1641589844.603434]-100_1641589841.598304_email@test.planet.com]" time="33.687"/>
<testcase classname="tests.ui.account_v3.test_account_all_plans.TestSuite" name="test_account_all_plans_sort_plan_and_id_columns[1999_1783116375.446303_email@test.planet.com]" time="128.445"/>
<testcase classname="tests.ui.account_v3.test_account.TestSuite" name="test_account_login_logout_deleted_user" time="20.657"/>
<testcase classname="tests.ui.account_v3.test_account_plans_details.TestSuite" name="test_account_plans_details_preferred_plan_monthly_interval_all_users_basemap_tiles[QE_Org_Preferred_002-100_1626916697.336703_email@test.planet.com]" time="34.672"/>
<testcase classname="tests.ui.account_v3.test_account_plans_details.TestSuite" name="test_account_plans_details_aum_plan_all_users_general_plan_info[Plan: all types [1626916875.922434]-2000_1626916865.906633_email@test.planet.com]" time="40.297"/>
<testcase classname="tests.ui.account_v3.test_account.TestSuite" name="test_account_login_logout_disabled_user" time="21.295"/>
<testcase classname="tests.ui.account_v3.test_account_plans_details.TestSuite" name="test_account_plans_details_cfd_preferred_plan_all_users_scene_downloads[Plan: all types [1641589844.603434]-1000_1641589838.368046_email@test.planet.com]" time="34.403"/>
<testcase classname="tests.ui.account_v3.test_account_plans_details.TestSuite" name="test_account_plans_details_starter_plan_all_users_general_plan_info[QE_Org_Starter_002-2000_1626916359.543333_email@test.planet.com]" time="39.938"/>
<testcase classname="tests.ui.account_v3.test_account_my_settings_gee_integration.TestSuite" name="test_account_my_settings_gee_integration_create_no_mosaic_selected" time="40.838"/>
<testcase classname="tests.ui.account_v3.test_account_all_plans.TestSuite" name="test_account_all_plans_pagination_rows_per_page[50-1999_1783116375.446303_email@test.planet.com]" time="168.869"/>
<testcase classname="tests.ui.account_v3.test_account_all_users.TestSuite" name="test_account_all_users_pagination_rows_per_page[50-1999_1783116375.446303_email@test.planet.com]" time="186.213"/>
<testcase classname="tests.ui.account_v3.test_account_plans_details.TestSuite" name="test_account_plans_details_preferred_plan_monthly_interval_all_users_basemap_tiles[QE_Org_Preferred_002-1000_1626916694.0740118_email@test.planet.com]" time="35.396"/>
<testcase classname="tests.ui.account_v3.test_account_dashboard.TestSuite" name="test_account_list_view_query_params[2000_1626916359.543333_email@test.planet.com]" time="115.426"/>
<testcase classname="tests.ui.account_v3.test_account_plans_details.TestSuite" name="test_account_plans_details_aum_plan_all_users_scene_downloads[Plan: all types [1626916875.922434]-100_1626916872.828448_email@test.planet.com]" time="35.284"/>
<testcase classname="tests.ui.account_v3.test_account_all_users.TestSuite" name="test_account_all_users_sort_email_columns[2000_1626916359.543333_email@test.planet.com]" time="78.355"/>
<testcase classname="tests.ui.account_v3.test_account_plans_details.TestSuite" name="test_account_plans_details_cfd_preferred_plan_all_users_scene_downloads[Plan: all types [1641589844.603434]-2000_1641589835.315594_email@test.planet.com]" time="37.704"/>
<testcase classname="tests.ui.account_v3.test_account_my_settings_gee_integration.TestSuite" name="test_account_my_settings_gee_integration_update_gee_access_success" time="37.083"/>
<testcase classname="tests.ui.account_v3.test_account_plans_details.TestSuite" name="test_account_plans_details_starter_plan_all_users_scene_download[QE_Org_Starter_002-100_1626916367.9476259_email@test.planet.com]" time="39.911"/>
<testcase classname="tests.ui.account_v3.test_account_all_organizations.TestSuite" name="test_account_all_organizations_pagination_rows_per_page[50-2000_1626916359.543333_email@test.planet.com]" time="111.446"/>
<testcase classname="tests.ui.account_v3.test_account.TestSuite" name="test_account_login_logout_reset_api_key" time="65.267"/>
<testcase classname="tests.ui.account_v3.test_account_plans_details.TestSuite" name="test_account_plans_details_preferred_plan_monthly_interval_all_users_basemap_tiles[QE_Org_Preferred_002-2000_1626916690.382369_email@test.planet.com]" time="38.992"/>
<testcase classname="tests.ui.account_v3.test_account_plans_details.TestSuite" name="test_account_plans_details_aum_plan_all_users_scene_downloads[Plan: all types [1626916875.922434]-1000_1626916869.9007201_email@test.planet.com]" time="35.821"/>
<testcase classname="tests.ui.account_v3.test_account_plans_details.TestSuite" name="test_account_plans_details_cfd_preferred_plan_all_users_scene_tiles[Plan: all types [1641589844.603434]-100_1641589841.598304_email@test.planet.com]" time="35.088"/>
<testcase classname="tests.ui.account_v3.test_account_my_settings_gee_integration.TestSuite" name="test_account_my_settings_gee_integration_gee_basemaps_link" time="37.909"/>
<testcase classname="tests.ui.account_v3.test_account_plans_details.TestSuite" name="test_account_plans_details_starter_plan_all_users_scene_download[QE_Org_Starter_002-1000_1626916363.9706812_email@test.planet.com]" time="40.284"/>
<testcase classname="tests.ui.account_v3.test_account_all_plans.TestSuite" name="test_account_all_plans_sort_org_and_opportunity_id_columns[2000_1626916359.543333_email@test.planet.com]" time="119.087"/>
<testcase classname="tests.ui.account_v3.test_account.TestSuite" name="test_account_login_logout_invited_inactive_user" time="23.090"/>
<testcase classname="tests.ui.account_v3.test_account_plans_details.TestSuite" name="test_account_plans_details_premium_plan_unlimited_all_users_general_plan_info[Plan: all types [1626916780.894829]-100_1626916777.6986492_email@test.planet.com]" time="34.601"/>
<testcase classname="tests.ui.account_v3.test_account_plans_details.TestSuite" name="test_account_plans_details_aum_plan_all_users_scene_downloads[Plan: all types [1626916875.922434]-1999_1693919945.794107_email@test.planet.com]" time="39.296"/>
<testcase classname="tests.ui.account_v3.test_account_plans_details.TestSuite" name="test_account_plans_details_cfd_preferred_plan_all_users_scene_tiles[Plan: all types [1641589844.603434]-1000_1641589838.368046_email@test.planet.com]" time="34.677"/>
<testcase classname="tests.ui.account_v3.test_account_all_users.TestSuite" name="test_account_all_users_sort_email_columns[1999_1783116375.446303_email@test.planet.com]" time="75.003"/>
<testcase classname="tests.ui.account_v3.test_account_my_settings_gee_integration.TestSuite" name="test_account_my_settings_gee_integration_gee_dev_link" time="41.499"/>
<testcase classname="tests.ui.account_v3.test_account_plans_details.TestSuite" name="test_account_plans_details_starter_plan_all_users_scene_download[QE_Org_Starter_002-1999_1783116375.446303_email@test.planet.com]" time="47.618"/>
<testcase classname="tests.ui.account_v3.test_account_dashboard.TestSuite" name="test_account_list_view_query_params[1999_1783116375.446303_email@test.planet.com]" time="231.951"/>
<testcase classname="tests.ui.account_v3.test_account_plans_details.TestSuite" name="test_account_plans_details_premium_plan_unlimited_all_users_general_plan_info[Plan: all types [1626916780.894829]-1000_1626916774.1923141_email@test.planet.com]" time="34.968"/>
<testcase classname="tests.ui.account_v3.test_account_plans_details.TestSuite" name="test_account_plans_details_aum_plan_all_users_scene_downloads[Plan: all types [1626916875.922434]-2000_1626916865.906633_email@test.planet.com]" time="39.106"/>
<testcase classname="tests.ui.account_v3.test_account_plans_details.TestSuite" name="test_account_plans_details_cfd_preferred_plan_all_users_scene_tiles[Plan: all types [1641589844.603434]-2000_1641589835.315594_email@test.planet.com]" time="38.533"/>
<testcase classname="tests.ui.account_v3.test_account_all_plans.TestSuite" name="test_account_all_plans_pagination_next_and_prev_page[10-2000_1626916359.543333_email@test.planet.com]" time="138.866"/>
<testcase classname="tests.ui.account_v3.test_account_my_settings_gee_integration.TestSuite" name="test_account_my_settings_update_gee_access_invalid_email" time="33.785"/>
<testcase classname="tests.ui.account_v3.test_account_all_organizations.TestSuite" name="test_account_all_organizations_pagination_rows_per_page[50-1999_1783116375.446303_email@test.planet.com]" time="104.485"/>
<testcase classname="tests.ui.account_v3.test_account_plans_details.TestSuite" name="test_account_plans_details_premium_plan_unlimited_all_users_general_plan_info[Plan: all types [1626916780.894829]-1999_1064911890.1566133_email@test.planet.com]" time="37.726"/>
<testcase classname="tests.ui.account_v3.test_account_plans_details.TestSuite" name="test_account_plans_details_starter_plan_all_users_scene_download[QE_Org_Starter_002-2000_1626916359.543333_email@test.planet.com]" time="45.891"/>
<testcase classname="tests.ui.account_v3.test_account_plans_details.TestSuite" name="test_account_plans_details_cfd_preferred_plan_all_users_basemap_tiles[Plan: all types [1641589844.603434]-100_1641589841.598304_email@test.planet.com]" time="33.283"/>
<testcase classname="tests.ui.account_v3.test_account_plans_details.TestSuite" name="test_account_plans_details_aum_plan_all_users_basemap_tiles[Plan: all types [1626916875.922434]-100_1626916872.828448_email@test.planet.com]" time="34.823"/>
<testcase classname="tests.ui.account_v3.test_account_my_settings_gee_integration.TestSuite" name="test_account_my_settings_update_gee_access_empty_email" time="31.610"/>
<testcase classname="tests.ui.account_v3.test_account_all_plans.TestSuite" name="test_account_all_plans_sort_org_and_opportunity_id_columns[1999_1783116375.446303_email@test.planet.com]" time="109.795"/>
<testcase classname="tests.ui.account_v3.test_account_plans_details.TestSuite" name="test_account_plans_details_starter_plan_all_users_scene_tiles[QE_Org_Starter_002-100_1626916367.9476259_email@test.planet.com]" time="34.696"/>
<testcase classname="tests.ui.account_v3.test_account_plans_details.TestSuite" name="test_account_plans_details_premium_plan_unlimited_all_users_general_plan_info[Plan: all types [1626916780.894829]-2000_1626916770.8326158_email@test.planet.com]" time="39.219"/>
<testcase classname="tests.ui.account_v3.test_account_all_users.TestSuite" name="test_account_all_users_pagination_next_and_prev_page[10-2000_1626916359.543333_email@test.planet.com]" time="188.970"/>
<testcase classname="tests.ui.account_v3.test_account_plans_details.TestSuite" name="test_account_plans_details_cfd_preferred_plan_all_users_basemap_tiles[Plan: all types [1641589844.603434]-1000_1641589838.368046_email@test.planet.com]" time="34.586"/>
<testcase classname="tests.ui.account_v3.test_account_plans_details.TestSuite" name="test_account_plans_details_aum_plan_all_users_basemap_tiles[Plan: all types [1626916875.922434]-1000_1626916869.9007201_email@test.planet.com]" time="34.475"/>
<testcase classname="tests.ui.account_v3.test_account_my_settings_gee_integration.TestSuite" name="test_account_my_settings_gee_integration_create_service_account" time="45.721"/>
<testcase classname="tests.ui.account_v3.test_account_all_users.TestSuite" name="test_account_all_users_sort_status_column[2000_1626916359.543333_email@test.planet.com]" time="122.622"/>
<testcase classname="tests.ui.account_v3.test_account_plans_details.TestSuite" name="test_account_plans_details_starter_plan_all_users_scene_tiles[QE_Org_Starter_002-1000_1626916363.9706812_email@test.planet.com]" time="36.584"/>
<testcase classname="tests.ui.account_v3.test_account_plans_details.TestSuite" name="test_account_plans_details_premium_plan_unlimited_all_users_scene_downloads[Plan: all types [1626916780.894829]-100_1626916777.6986492_email@test.planet.com]" time="36.698"/>
<testcase classname="tests.ui.account_v3.test_account_all_organizations.TestSuite" name="test_account_all_organizations_sort_org_id_program_column_menus[2000_1626916359.543333_email@test.planet.com]" time="165.966"/>
<testcase classname="tests.ui.account_v3.test_account_plans_details.TestSuite" name="test_account_plans_details_cfd_preferred_plan_all_users_basemap_tiles[Plan: all types [1641589844.603434]-2000_1641589835.315594_email@test.planet.com]" time="40.086"/>
<testcase classname="tests.ui.account_v3.test_account_password_reset_flow.TestSuite" name="test_account_password_reset_flow[password_reset0]" time="21.713"/>
<testcase classname="tests.ui.account_v3.test_account_plans_details.TestSuite" name="test_account_plans_details_aum_plan_all_users_basemap_tiles[Plan: all types [1626916875.922434]-1999_1693919945.794107_email@test.planet.com]" time="40.866"/>
<testcase classname="tests.ui.account_v3.test_account_all_organizations.TestSuite" name="test_account_all_organizations_pagination_next_and_prev_page[10-2000_1626916359.543333_email@test.planet.com]" time="101.809"/>
<testcase classname="tests.ui.account_v3.test_account_password_reset_flow.TestSuite" name="test_account_password_reset_flow_validate_the_form_content_labels[password_reset0]" time="22.823"/>
<testcase classname="tests.ui.account_v3.test_account_plans_details.TestSuite" name="test_account_plans_details_premium_plan_unlimited_all_users_scene_downloads[Plan: all types [1626916780.894829]-1000_1626916774.1923141_email@test.planet.com]" time="36.280"/>
<testcase classname="tests.ui.account_v3.test_account_all_plans.TestSuite" name="test_account_all_plans_pagination_next_and_prev_page[10-1999_1783116375.446303_email@test.planet.com]" time="141.076"/>
<testcase classname="tests.ui.account_v3.test_account_plans_details.TestSuite" name="test_account_plans_details_cfd_premium_plan_all_users_general_plan_info[Plan: all types [1641589895.4627268]-100_1641589892.728242_email@test.planet.com]" time="33.819"/>
<testcase classname="tests.ui.account_v3.test_account_plans_details.TestSuite" name="test_account_plans_details_starter_plan_all_users_scene_tiles[QE_Org_Starter_002-1999_1783116375.446303_email@test.planet.com]" time="41.480"/>
<testcase classname="tests.ui.account_v3.test_account_plans_details.TestSuite" name="test_account_plans_details_aum_plan_all_users_basemap_tiles[Plan: all types [1626916875.922434]-2000_1626916865.906633_email@test.planet.com]" time="39.133"/>
<testcase classname="tests.ui.account_v3.test_account_password_reset_flow.TestSuite" name="test_account_password_reset_flow_validate_the_blank_fields_error[password_reset0]" time="20.123"/>
<testcase classname="tests.ui.account_v3.test_account_password_reset_flow.TestSuite" name="test_account_password_reset_flow_validate_the_password_requirements[PaswdQE1$-less than 10 chars-password_reset0]" time="20.911"/>
<testcase classname="tests.ui.account_v3.test_account_plans_details.TestSuite" name="test_account_plans_details_cfd_premium_plan_all_users_general_plan_info[Plan: all types [1641589895.4627268]-1000_1641589890.004117_email@test.planet.com]" time="35.211"/>
<testcase classname="tests.ui.account_v3.test_account_all_plans.TestSuite" name="test_account_all_plans_sort_status_column[2000_1626916359.543333_email@test.planet.com]" time="127.698"/>
<testcase classname="tests.ui.account_v3.test_account_plans_details.TestSuite" name="test_account_plans_details_premium_plan_unlimited_all_users_scene_downloads[Plan: all types [1626916780.894829]-1999_1064911890.1566133_email@test.planet.com]" time="41.713"/>
<testcase classname="tests.ui.account_v3.test_account_dashboard.TestSuite" name="test_account_updating_list_view_query_params_url[2000_1626916359.543333_email@test.planet.com]" time="101.395"/>
<testcase classname="tests.ui.account_v3.test_account_plans_details.TestSuite" name="test_account_plans_details_cfd_starter_plan_all_users_general_info[Plan: all types [1641589781.5397089]-100_1641589778.112499_email@test.planet.com]" time="34.702"/>
<testcase classname="tests.ui.account_v3.test_account_plans_details.TestSuite" name="test_account_plans_details_starter_plan_all_users_scene_tiles[QE_Org_Starter_002-2000_1626916359.543333_email@test.planet.com]" time="40.419"/>
<testcase classname="tests.ui.account_v3.test_account_password_reset_flow.TestSuite" name="test_account_password_reset_flow_validate_the_password_requirements[passwdqe1$-missing an upper case-password_reset0]" time="21.421"/>
<testcase classname="tests.ui.account_v3.test_account_all_users.TestSuite" name="test_account_all_users_sort_status_column[1999_1783116375.446303_email@test.planet.com]" time="121.686"/>
<testcase classname="tests.ui.account_v3.test_account_password_reset_flow.TestSuite" name="test_account_password_reset_flow_validate_the_password_requirements[PASSWDQE1$-missing a lower case-password_reset0]" time="21.538"/>
<testcase classname="tests.ui.account_v3.test_account_plans_details.TestSuite" name="test_account_plans_details_cfd_starter_plan_all_users_general_info[Plan: all types [1641589781.5397089]-1000_1641589775.44884_email@test.planet.com]" time="35.048"/>
<testcase classname="tests.ui.account_v3.test_account_plans_details.TestSuite" name="test_account_plans_details_cfd_premium_plan_all_users_general_plan_info[Plan: all types [1641589895.4627268]-2000_1641589887.033449_email@test.planet.com]" time="41.785"/>
<testcase classname="tests.ui.account_v3.test_account_plans_details.TestSuite" name="test_account_plans_details_starter_plan_all_users_basemap_tiles[QE_Org_Starter_002-100_1626916367.9476259_email@test.planet.com]" time="34.795"/>
<testcase classname="tests.ui.account_v3.test_account_plans_details.TestSuite" name="test_account_plans_details_premium_plan_unlimited_all_users_scene_downloads[Plan: all types [1626916780.894829]-2000_1626916770.8326158_email@test.planet.com]" time="41.898"/>
<testcase classname="tests.ui.account_v3.test_account_all_organizations.TestSuite" name="test_account_all_organizations_pagination_next_and_prev_page[10-1999_1783116375.446303_email@test.planet.com]" time="104.645"/>
<testcase classname="tests.ui.account_v3.test_account_password_reset_flow.TestSuite" name="test_account_password_reset_flow_validate_the_password_requirements[PaswdQEone$-missing a number-password_reset0]" time="21.262"/>
<testcase classname="tests.ui.account_v3.test_account_plans_details.TestSuite" name="test_account_plans_details_cfd_premium_plan_all_users_scene_downloads[Plan: all types [1641589895.4627268]-100_1641589892.728242_email@test.planet.com]" time="33.177"/>
<testcase classname="tests.ui.account_v3.test_account_plans_details.TestSuite" name="test_account_plans_details_starter_plan_all_users_basemap_tiles[QE_Org_Starter_002-1000_1626916363.9706812_email@test.planet.com]" time="34.600"/>
<testcase classname="tests.ui.account_v3.test_account_all_users.TestSuite" name="test_account_all_users_pagination_next_and_prev_page[10-1999_1783116375.446303_email@test.planet.com]" time="186.902"/>
<testcase classname="tests.ui.account_v3.test_account_plans_details.TestSuite" name="test_account_plans_details_cfd_starter_plan_all_users_general_info[Plan: all types [1641589781.5397089]-2000_1641589771.0634072_email@test.planet.com]" time="39.585"/>
<testcase classname="tests.ui.account_v3.test_account_password_reset_flow.TestSuite" name="test_account_password_reset_flow_validate_the_password_requirements[PaswdQE1dol-missing a symbol-password_reset0]" time="21.355"/>
<testcase classname="tests.ui.account_v3.test_account_plans_details.TestSuite" name="test_account_plans_details_premium_plan_unlimited_all_users_scene_tiles[Plan: all types [1626916780.894829]-100_1626916777.6986492_email@test.planet.com]" time="35.694"/>
<testcase classname="tests.ui.account_v3.test_account_all_organizations.TestSuite" name="test_account_all_organizations_sort_org_id_program_column_menus[1999_1783116375.446303_email@test.planet.com]" time="152.809"/>
<testcase classname="tests.ui.account_v3.test_account_dashboard.TestSuite" name="test_account_updating_list_view_query_params_url[1999_1783116375.446303_email@test.planet.com]" time="40.793"/>
<testcase classname="tests.ui.account_v3.test_account_password_reset_flow.TestSuite" name="test_account_password_reset_flow_validate_new_and_confirm_passwords_field_mismatch[password_reset0]" time="20.918"/>
<testcase classname="tests.ui.account_v3.test_account_all_plans.TestSuite" name="test_account_all_plans_pagination_next_and_prev_page[15-2000_1626916359.543333_email@test.planet.com]" time="138.440"/>
<testcase classname="tests.ui.account_v3.test_account_plans_details.TestSuite" name="test_account_plans_details_cfd_premium_plan_all_users_scene_downloads[Plan: all types [1641589895.4627268]-1000_1641589890.004117_email@test.planet.com]" time="34.626"/>
<testcase classname="tests.ui.account_v3.test_account_all_plans.TestSuite" name="test_account_all_plans_sort_status_column[1999_1783116375.446303_email@test.planet.com]" time="112.691"/>
<testcase classname="tests.ui.account_v3.test_account_plans_details.TestSuite" name="test_account_plans_details_premium_plan_unlimited_all_users_scene_tiles[Plan: all types [1626916780.894829]-1000_1626916774.1923141_email@test.planet.com]" time="33.690"/>
<testcase classname="tests.ui.account_v3.test_account_plans_details.TestSuite" name="test_account_plans_details_cfd_starter_plan_all_users_scene_downloads[Plan: all types [1641589781.5397089]-100_1641589778.112499_email@test.planet.com]" time="34.631"/>
<testcase classname="tests.ui.account_v3.test_account_plans_details.TestSuite" name="test_account_plans_details_starter_plan_all_users_basemap_tiles[QE_Org_Starter_002-1999_1783116375.446303_email@test.planet.com]" time="39.321"/>
<testcase classname="tests.ui.account_v3.test_account_labs.TestSuite" name="test_account_labs_admin_page_layout[Planetary Variables Provisioning UI-2000_1626916359.543333_email@test.planet.com]" time="27.701"/>
<testcase classname="tests.ui.account_v3.test_account_all_users.TestSuite" name="test_account_all_users_hide_show_columns[2000_1626916359.543333_email@test.planet.com]" time="86.985"/>
<testcase classname="tests.ui.account_v3.test_account_password_reset_flow.TestSuite" name="test_account_password_reset_flow_validate_current_password_requirement[password_reset0]" time="21.030"/>
<testcase classname="tests.ui.account_v3.test_account_labs.TestSuite" name="test_account_labs_basic_page_layout[1999_1783116375.446303_email@test.planet.com]" time="28.395"/>
<testcase classname="tests.ui.account_v3.test_account_all_organizations.TestSuite" name="test_account_all_organizations_pagination_next_and_prev_page[15-2000_1626916359.543333_email@test.planet.com]" time="95.438"/>
<testcase classname="tests.ui.account_v3.test_account_plans_details.TestSuite" name="test_account_plans_details_cfd_premium_plan_all_users_scene_downloads[Plan: all types [1641589895.4627268]-2000_1641589887.033449_email@test.planet.com]" time="39.169"/>
<testcase classname="tests.ui.account_v3.test_account_plans_details.TestSuite" name="test_account_plans_details_cfd_starter_plan_all_users_scene_downloads[Plan: all types [1641589781.5397089]-1000_1641589775.44884_email@test.planet.com]" time="33.282"/>
<testcase classname="tests.ui.account_v3.test_account_plans_details.TestSuite" name="test_account_plans_details_premium_plan_unlimited_all_users_scene_tiles[Plan: all types [1626916780.894829]-1999_1064911890.1566133_email@test.planet.com]" time="41.604"/>
<testcase classname="tests.ui.account_v3.test_account_plans_details.TestSuite" name="test_account_plans_details_starter_plan_all_users_basemap_tiles[QE_Org_Starter_002-2000_1626916359.543333_email@test.planet.com]" time="40.982"/>
<testcase classname="tests.ui.account_v3.test_account_my_settings.TestSuite" name="test_account_my_settings_user_profile[100_1626916367.9476259_email@test.planet.com-Org-User-United States-True]" time="28.298"/>
<testcase classname="tests.ui.account_v3.test_account_plans_details.TestSuite" name="test_account_plans_details_cfd_premium_plan_all_users_scene_tiles[Plan: all types [1641589895.4627268]-100_1641589892.728242_email@test.planet.com]" time="34.331"/>
<testcase classname="tests.ui.account_v3.test_account_plans_details.TestSuite" name="test_account_plans_details_cfd_starter_plan_all_users_scene_downloads[Plan: all types [1641589781.5397089]-2000_1641589771.0634072_email@test.planet.com]" time="40.014"/>
<testcase classname="tests.ui.account_v3.test_account_plans_details.TestSuite" name="test_account_plans_details_preferred_plan_monthly_interval_all_users_general_plan_info[QE_Org_Preferred_002-100_1626916697.336703_email@test.planet.com]" time="34.681"/>
<testcase classname="tests.ui.account_v3.test_account_all_organizations.TestSuite" name="test_account_all_organizations_sort_sfdc_id_and_status_column[2000_1626916359.543333_email@test.planet.com]" time="109.394"/>
<testcase classname="tests.ui.account_v3.test_account_plans_details.TestSuite" name="test_account_plans_details_premium_plan_unlimited_all_users_scene_tiles[Plan: all types [1626916780.894829]-2000_1626916770.8326158_email@test.planet.com]" time="38.698"/>
<testcase classname="tests.ui.account_v3.test_account_all_plans.TestSuite" name="test_account_all_plans_hide_show_column[2000_1626916359.543333_email@test.planet.com]" time="82.518"/>
<testcase classname="tests.ui.account_v3.test_account_my_settings.TestSuite" name="test_account_my_settings_user_profile[1000_1626916363.9706812_email@test.planet.com-Org-Admin-United States-True]" time="28.600"/>
<testcase classname="tests.ui.account_v3.test_account_all_users.TestSuite" name="test_account_all_users_hide_show_columns[1999_1783116375.446303_email@test.planet.com]" time="83.707"/>
<testcase classname="tests.ui.account_v3.test_account_password_reset_flow.TestSuite" name="test_account_password_reset_flow_validate_recent_password_requirement_within_4_usages[password_reset0]" time="92.706">
<skipped type="pytest.xfail" message="https://hello.planet.com/jira/browse/QT-333"/>
</testcase>
<testcase classname="tests.ui.account_v3.test_account_plans_details.TestSuite" name="test_account_plans_details_cfd_premium_plan_all_users_scene_tiles[Plan: all types [1641589895.4627268]-1000_1641589890.004117_email@test.planet.com]" time="34.662"/>
<testcase classname="tests.ui.account_v3.test_account_plans_details.TestSuite" name="test_account_plans_details_cfd_starter_plan_all_users_scene_tiles[Plan: all types [1641589781.5397089]-100_1641589778.112499_email@test.planet.com]" time="34.881"/>
<testcase classname="tests.ui.account_v3.test_account_plans_details.TestSuite" name="test_account_plans_details_preferred_plan_monthly_interval_all_users_general_plan_info[QE_Org_Preferred_002-1000_1626916694.0740118_email@test.planet.com]" time="33.147"/>
<testcase classname="tests.ui.account_v3.test_account_plans_details.TestSuite" name="test_account_plans_details_premium_plan_unlimited_all_users_basemap_tiles[Plan: all types [1626916780.894829]-100_1626916777.6986492_email@test.planet.com]" time="34.207"/>
<testcase classname="tests.ui.account_v3.test_account_my_settings.TestSuite" name="test_account_my_settings_user_profile[2000_1626916359.543333_email@test.planet.com-Planet-Admin-Spain-True]" time="28.071"/>
<testcase classname="tests.ui.account_v3.test_account_all_plans.TestSuite" name="test_account_all_plans_pagination_next_and_prev_page[15-1999_1783116375.446303_email@test.planet.com]" time="132.872"/>
<testcase classname="tests.ui.account_v3.test_account_all_organizations.TestSuite" name="test_account_all_organizations_pagination_next_and_prev_page[15-1999_1783116375.446303_email@test.planet.com]" time="94.198"/>
<testcase classname="tests.ui.account_v3.test_account_plans_details.TestSuite" name="test_account_plans_details_cfd_premium_plan_all_users_scene_tiles[Plan: all types [1641589895.4627268]-2000_1641589887.033449_email@test.planet.com]" time="38.347"/>
<testcase classname="tests.ui.account_v3.test_account_plans_details.TestSuite" name="test_account_plans_details_cfd_starter_plan_all_users_scene_tiles[Plan: all types [1641589781.5397089]-1000_1641589775.44884_email@test.planet.com]" time="34.303"/>
<testcase classname="tests.ui.account_v3.test_account_my_settings.TestSuite" name="test_account_my_settings_user_profile[1999_1783116375.446303_email@test.planet.com-Planet-AdminViewer-Argentina-True]" time="27.721"/>
<testcase classname="tests.ui.account_v3.test_account_all_users.TestSuite" name="test_account_all_users_pagination_next_and_prev_page[15-2000_1626916359.543333_email@test.planet.com]" time="183.103"/>
<testcase classname="tests.ui.account_v3.test_account_plans_details.TestSuite" name="test_account_plans_details_premium_plan_unlimited_all_users_basemap_tiles[Plan: all types [1626916780.894829]-1000_1626916774.1923141_email@test.planet.com]" time="31.588"/>
<testcase classname="tests.ui.account_v3.test_account_plans_details.TestSuite" name="test_account_plans_details_preferred_plan_monthly_interval_all_users_general_plan_info[QE_Org_Preferred_002-2000_1626916690.382369_email@test.planet.com]" time="39.254"/>
<testcase classname="tests.ui.account_v3.test_account_all_plans.TestSuite" name="test_account_all_plans_hide_show_column[1999_1783116375.446303_email@test.planet.com]" time="81.073"/>
<testcase classname="tests.ui.account_v3.test_account_all_users.TestSuite" name="test_account_all_users_hide_show_columns_after_search[2000_1626916359.543333_email@test.planet.com]" time="76.514"/>
<testcase classname="tests.ui.account_v3.test_account_plans_details.TestSuite" name="test_account_plans_details_cfd_premium_plan_all_users_basemap_tiles[Plan: all types [1641589895.4627268]-100_1641589892.728242_email@test.planet.com]" time="33.770"/>
<testcase classname="tests.ui.account_v3.test_account_my_settings.TestSuite" name="test_account_my_settings_reveal_api_key" time="32.094"/>
<testcase classname="tests.ui.account_v3.test_account_plans_details.TestSuite" name="test_account_plans_details_cfd_starter_plan_all_users_scene_tiles[Plan: all types [1641589781.5397089]-2000_1641589771.0634072_email@test.planet.com]" time="40.713"/>
<testcase classname="tests.ui.account_v3.test_account_plans_details.TestSuite" name="test_account_plans_details_preferred_plan_monthly_interval_all_users_scene_downloads[QE_Org_Preferred_002-100_1626916697.336703_email@test.planet.com]" time="34.494"/>
<testcase classname="tests.ui.account_v3.test_account_plans_details.TestSuite" name="test_account_plans_details_premium_plan_unlimited_all_users_basemap_tiles[Plan: all types [1626916780.894829]-1999_1064911890.1566133_email@test.planet.com]" time="38.267"/>
<testcase classname="tests.ui.account_v3.test_account_all_organizations.TestSuite" name="test_account_all_organizations_sort_sfdc_id_and_status_column[1999_1783116375.446303_email@test.planet.com]" time="107.189"/>
<testcase classname="tests.ui.account_v3.test_account_password_reset_flow.TestSuite" name="test_account_password_reset_flow_validate_recent_password_requirement_outside_4_usages[password_reset0]" time="92.712">
<skipped type="pytest.xfail" message="https://hello.planet.com/jira/browse/QT-333"/>
</testcase>
<testcase classname="tests.ui.account_v3.test_account_my_settings.TestSuite" name="test_account_my_settings_copy_api_key" time="30.804"/>
<testcase classname="tests.ui.account_v3.test_account_plans_details.TestSuite" name="test_account_plans_details_cfd_premium_plan_all_users_basemap_tiles[Plan: all types [1641589895.4627268]-1000_1641589890.004117_email@test.planet.com]" time="34.511"/>
<testcase classname="tests.ui.account_v3.test_account_password_reset_flow.TestSuite" name="test_account_password_reset_flow_validate_expired_or_invalid_token[password_reset0]" time="20.403"/>
<testcase classname="tests.ui.account_v3.test_account_plans_details.TestSuite" name="test_account_plans_details_preferred_plan_monthly_interval_all_users_scene_downloads[QE_Org_Preferred_002-1000_1626916694.0740118_email@test.planet.com]" time="32.212"/>
<testcase classname="tests.ui.account_v3.test_account_plans_details.TestSuite" name="test_account_plans_details_cfd_preferred_plan_all_users_general_plan_info[Plan: all types [1641589844.603434]-100_1641589841.598304_email@test.planet.com]" time="33.160"/>
<testcase classname="tests.ui.account_v3.test_account_all_organizations.TestSuite" name="test_account_all_organizations_pagination_next_and_prev_page[20-2000_1626916359.543333_email@test.planet.com]" time="92.976"/>
<testcase classname="tests.ui.account_v3.test_account_plans_details.TestSuite" name="test_account_plans_details_premium_plan_unlimited_all_users_basemap_tiles[Plan: all types [1626916780.894829]-2000_1626916770.8326158_email@test.planet.com]" time="38.728"/>
<testcase classname="tests.ui.account_v3.test_account_all_plans.TestSuite" name="test_account_all_plans_hide_show_column_after_search[2000_1626916359.543333_email@test.planet.com]" time="74.791"/>
<testcase classname="tests.ui.account_v3.test_account_all_users.TestSuite" name="test_account_all_users_hide_show_columns_after_search[1999_1783116375.446303_email@test.planet.com]" time="77.583"/>
<testcase classname="tests.ui.account_v3.test_account_plans_details.TestSuite" name="test_account_plans_details_cfd_premium_plan_all_users_basemap_tiles[Plan: all types [1641589895.4627268]-2000_1641589887.033449_email@test.planet.com]" time="38.182"/>
<testcase classname="tests.ui.account_v3.test_account_my_settings.TestSuite" name="test_account_my_settings_edit_name" time="42.607"/>
<testcase classname="tests.ui.account_v3.test_account_plans_details.TestSuite" name="test_account_plans_details_preferred_plan_monthly_interval_all_users_scene_downloads[QE_Org_Preferred_002-2000_1626916690.382369_email@test.planet.com]" time="40.303"/>
<testcase classname="tests.ui.account_v3.test_account_all_plans.TestSuite" name="test_account_all_plans_pagination_next_and_prev_page[20-2000_1626916359.543333_email@test.planet.com]" time="146.010"/>
<testcase classname="tests.ui.account_v3.test_account_plans_details_reports_downloads.TestSuite" name="test_account_plans_details_reports_downloads_aum_plan_no_reports_by_date_filter[Daily Detailed Usage-Organization [1650997055.58544]-2000_1626916359.543333_email@test.planet.com]" time="59.825"/>
<testcase classname="tests.ui.account_v3.test_account_sub_organizations.TestSuite" name="test_account_sub_organizations_pagination_rows_per_page[10-2000_1626916359.543333_email@test.planet.com]" time="56.508"/>
<testcase classname="tests.ui.account_v3.test_account_plans_details.TestSuite" name="test_account_plans_details_info_not_available_for_org_user[100_1626916367.9476259_email@test.planet.com-QE_Org_Starter_002]" time="32.700"/>
<testcase classname="tests.ui.account_v3.test_account_my_settings.TestSuite" name="test_account_my_settings_first_last_name_less_than_two_chars" time="35.162"/>
<testcase classname="tests.ui.account_v3.test_account_all_organizations.TestSuite" name="test_account_all_organizations_hide_show_column_menus[2000_1626916359.543333_email@test.planet.com]" time="103.864"/>
<testcase classname="tests.ui.account_v3.test_account_all_organizations.TestSuite" name="test_account_all_organizations_pagination_next_and_prev_page[20-1999_1783116375.446303_email@test.planet.com]" time="90.479"/>
<testcase classname="tests.ui.account_v3.test_account_plans_details.TestSuite" name="test_account_plans_details_info_available_for_admin_users[QE_Org_Starter_002-1000_1626916363.9706812_email@test.planet.com-100]" time="31.405"/>
<testcase classname="tests.ui.account_v3.test_account_all_plans.TestSuite" name="test_account_all_plans_hide_show_column_after_search[1999_1783116375.446303_email@test.planet.com]" time="76.401"/>
<testcase classname="tests.ui.account_v3.test_account_my_settings_gee_integration.TestSuite" name="test_account_my_settings_gee_integration_nicfi_doc_not_signed[100]" time="38.958"/>
<testcase classname="tests.ui.account_v3.test_account_all_users.TestSuite" name="test_account_all_users_filter_by_name_or_email[2000_1626916359.543333_email@test.planet.com]" time="80.422"/>
<testcase classname="tests.ui.account_v3.test_account_all_users.TestSuite" name="test_account_all_users_pagination_next_and_prev_page[15-1999_1783116375.446303_email@test.planet.com]" time="179.296"/>
<testcase classname="tests.ui.account_v3.test_account_usage_adjustment.TestSuite" name="test_account_usage_adjustment_update_plan_different_values[99999-10,000 km\xb2-0 km\xb2-0 km\xb2-99,999 km\xb2-True-0% KM\xb2 USED-1000% KM\xb2 USED]" time="114.227"/>
<testcase classname="tests.ui.account_v3.test_account_plans_details_reports_downloads.TestSuite" name="test_account_plans_details_reports_downloads_aum_plan_no_reports_by_date_filter[Monthly Usage-Organization [1650997055.58544]-1000_1650997063.616101_email@test.planet.com]" time="53.295"/>
<testcase classname="tests.ui.account_v3.test_account_sub_organizations.TestSuite" name="test_account_sub_organizations_pagination_rows_per_page[10-1999_1783116375.446303_email@test.planet.com]" time="59.502"/>
<testcase classname="tests.ui.admin_ng.test_admin_ng_subscription.TestSuite" name="test_admin_ng_subscription_quota_interval_and_allow_overage[access_period-True-Access Period-Enabled]" time="84.894"/>
<testcase classname="tests.ui.account_v3.test_account_plans_details.TestSuite" name="test_account_plans_details_info_available_for_admin_users[QE_Org_Starter_002-1999_1783116375.446303_email@test.planet.com-1999]" time="38.800"/>
<testcase classname="tests.ui.account_v3.test_account_my_settings_gee_integration.TestSuite" name="test_account_my_settings_gee_integration_nicfi_doc_not_signed[1000]" time="36.261"/>
<testcase classname="tests.ui.account_v3.test_account_plans_details_reports_downloads.TestSuite" name="test_account_plans_details_reports_downloads_aum_plan_no_reports_by_date_filter[Monthly Usage-Organization [1650997055.58544]-1999_1783116375.446303_email@test.planet.com]" time="56.372"/>
<testcase classname="tests.ui.account_v3.test_account_plans_details.TestSuite" name="test_account_plans_details_info_available_for_admin_users[QE_Org_Starter_002-2000_1626916359.543333_email@test.planet.com-2000]" time="36.692"/>
<testcase classname="tests.ui.account_v3.test_account_all_organizations.TestSuite" name="test_account_all_organizations_hide_show_column_menus[1999_1783116375.446303_email@test.planet.com]" time="98.596"/>
<testcase classname="tests.ui.account_v3.test_account_my_settings_gee_integration.TestSuite" name="test_account_my_settings_gee_integration_nicfi_doc_not_signed[1999]" time="37.224"/>
<testcase classname="tests.ui.account_v3.test_account_all_users.TestSuite" name="test_account_all_users_filter_by_name_or_email[1999_1783116375.446303_email@test.planet.com]" time="85.267"/>
<testcase classname="tests.ui.account_v3.test_account_sub_organizations.TestSuite" name="test_account_sub_organizations_pagination_rows_per_page[15-2000_1626916359.543333_email@test.planet.com]" time="71.420"/>
<testcase classname="tests.ui.account_v3.test_account_all_organizations.TestSuite" name="test_account_all_organizations_pagination_next_and_prev_page[50-2000_1626916359.543333_email@test.planet.com]" time="102.310"/>
<testcase classname="tests.ui.account_v3.test_account_all_plans.TestSuite" name="test_account_all_plans_filter_by_name_organization_opportunity_id[2000_1626916359.543333_email@test.planet.com]" time="100.725"/>
<testcase classname="tests.ui.account_v3.test_account_all_plans.TestSuite" name="test_account_all_plans_pagination_next_and_prev_page[20-1999_1783116375.446303_email@test.planet.com]" time="156.988"/>
<testcase classname="tests.ui.account_v3.test_account_my_settings_gee_integration.TestSuite" name="test_account_my_settings_gee_integration_nicfi_doc_not_signed[2000]" time="36.981"/>
<testcase classname="tests.ui.account_v3.test_account_plans_details_reports_downloads.TestSuite" name="test_account_plans_details_reports_downloads_aum_plan_no_reports_by_date_filter[Monthly Usage-Organization [1650997055.58544]-2000_1626916359.543333_email@test.planet.com]" time="56.020"/>
<testcase classname="tests.ui.account_v3.test_account_usage_adjustment.TestSuite" name="test_account_usage_adjustment_update_plan_different_values[0.75-10,000 km\xb2-0 km\xb2-9,999.25 km\xb2-0.75 km\xb2-True-0% KM\xb2 USED-0% KM\xb2 USED]" time="116.515"/>
<testcase classname="tests.ui.admin_ng.test_admin_ng_subscription.TestSuite" name="test_admin_ng_subscription_quota_interval_and_allow_overage[monthly-False-Monthly-Disabled]" time="117.898"/>
<testcase classname="tests.ui.account_v3.test_account_sub_organizations.TestSuite" name="test_account_sub_organizations_pagination_rows_per_page[15-1999_1783116375.446303_email@test.planet.com]" time="66.581"/>
<testcase classname="tests.ui.account_v3.test_account_all_organizations.TestSuite" name="test_account_all_organizations_filter_by_org_name[2000_1626916359.543333_email@test.planet.com]" time="91.696"/>
<testcase classname="tests.ui.account_v3.test_account_plans_details.TestSuite" name="test_account_plans_details_last_update_no_usage" time="93.533"/>
<testcase classname="tests.ui.account_v3.test_account_my_settings_gee_integration.TestSuite" name="test_account_my_settings_gee_integration_create[100]" time="48.781"/>
<testcase classname="tests.ui.account_v3.test_account_plans_details_reports_downloads.TestSuite" name="test_account_plans_details_reports_downloads_aum_plan_no_reports_by_date_filter[Monthly Detailed Usage-Organization [1650997055.58544]-1000_1650997063.616101_email@test.planet.com]" time="53.101"/>
<testcase classname="tests.ui.account_v3.test_account_all_organizations.TestSuite" name="test_account_all_organizations_pagination_next_and_prev_page[50-1999_1783116375.446303_email@test.planet.com]" time="102.336"/>
<testcase classname="tests.ui.account_v3.test_account_all_plans.TestSuite" name="test_account_all_plans_filter_by_name_organization_opportunity_id[1999_1783116375.446303_email@test.planet.com]" time="103.578"/>
<testcase classname="tests.ui.account_v3.test_account_my_settings_gee_integration.TestSuite" name="test_account_my_settings_gee_integration_create[1000]" time="46.687"/>
<testcase classname="tests.ui.account_v3.test_account_plans_details_reports_archive.TestSuite" name="test_account_plans_details_reports_archive_not_breakdown_by_user[2000_1626916359.543333_email@test.planet.com-QE_test_bFcNmkXhNE]" time="50.971"/>
<testcase classname="tests.ui.account_v3.test_account_all_organizations.TestSuite" name="test_account_all_organizations_org_user_does_not_have_access_to_all_org_page[100_1626916367.9476259_email@test.planet.com]" time="25.964"/>
<testcase classname="tests.ui.account_v3.test_account_all_users.TestSuite" name="test_account_all_users_filter_by_status_column[2000_1626916359.543333_email@test.planet.com]" time="134.009"/>
<testcase classname="tests.ui.account_v3.test_account_all_users.TestSuite" name="test_account_all_users_pagination_next_and_prev_page[20-2000_1626916359.543333_email@test.planet.com]" time="220.792"/>
<testcase classname="tests.ui.account_v3.test_account_sub_organizations.TestSuite" name="test_account_sub_organizations_pagination_rows_per_page[20-2000_1626916359.543333_email@test.planet.com]" time="69.091"/>
<testcase classname="tests.ui.account_v3.test_account_plans_details_reports_downloads.TestSuite" name="test_account_plans_details_reports_downloads_aum_plan_no_reports_by_date_filter[Monthly Detailed Usage-Organization [1650997055.58544]-1999_1783116375.446303_email@test.planet.com]" time="55.284"/>
<testcase classname="tests.ui.admin_ng.test_admin_ng_subscription.TestSuite" name="test_admin_ng_subscription_quota_style[starter-Starter]" time="93.787"/>
<testcase classname="tests.ui.account_v3.test_account_all_plans.TestSuite" name="test_account_all_plans_pagination_next_and_prev_page[50-2000_1626916359.543333_email@test.planet.com]" time="133.931"/>
<testcase classname="tests.ui.account_v3.test_account_usage_adjustment.TestSuite" name="test_account_usage_adjustment_update_plan_different_values[-0.75-10,000 km\xb2-0 km\xb2-10,000.75 km\xb2--0.75 km\xb2-True-0% KM\xb2 USED-0% KM\xb2 USED]" time="113.349"/>
<testcase classname="tests.ui.account_v3.test_account_all_organizations.TestSuite" name="test_account_all_organizations_filter_by_org_name[1999_1783116375.446303_email@test.planet.com]" time="84.584"/>
<testcase classname="tests.ui.account_v3.test_account_plans_details_reports_archive.TestSuite" name="test_account_plans_details_reports_archive_breakdown_by_user[2000_1626916359.543333_email@test.planet.com-QE_test_bFcNmkXhNE]" time="53.077"/>
<testcase classname="tests.ui.account_v3.test_account_all_organizations.TestSuite" name="test_account_all_organizations_org_admin_organizations_have_access_are_visible[1000_1626916363.9706812_email@test.planet.com]" time="50.695"/>
<testcase classname="tests.ui.account_v3.test_account_plans_details_reports_downloads.TestSuite" name="test_account_plans_details_reports_downloads_aum_plan_no_reports_by_date_filter[Monthly Detailed Usage-Organization [1650997055.58544]-2000_1626916359.543333_email@test.planet.com]" time="56.704"/>
<testcase classname="tests.ui.account_v3.test_account_sub_organizations.TestSuite" name="test_account_sub_organizations_pagination_rows_per_page[20-1999_1783116375.446303_email@test.planet.com]" time="72.410"/>
<testcase classname="tests.ui.account_v3.test_account_plans_details_reports_archive.TestSuite" name="test_account_plans_details_reports_archive_invalid_date_range[2000_1626916359.543333_email@test.planet.com-QE_test_bFcNmkXhNE]" time="41.113"/>
<testcase classname="tests.ui.account_v3.test_account_all_plans.TestSuite" name="test_account_all_plans_filter_by_active_expired_inactive_status[2000_1626916359.543333_email@test.planet.com]" time="117.907"/>
<testcase classname="tests.ui.account_v3.test_account_all_organizations.TestSuite" name="test_account_all_organizations_planet_admin_and_planet_viewer_have_access_to_any_org[2000_1626916359.543333_email@test.planet.com]" time="43.412"/>
<testcase classname="tests.ui.account_v3.test_account_all_organizations.TestSuite" name="test_account_all_organizations_filter_by_status_column[2000_1626916359.543333_email@test.planet.com]" time="72.406"/>
<testcase classname="tests.ui.account_v3.test_account_plans_details_reports_downloads.TestSuite" name="test_account_plans_details_reports_downloads_org_user_report_form_not_available[100_1650997067.722861_email@test.planet.com-Plan: all types [1650997071.688968]]" time="32.698"/>
<testcase classname="tests.ui.admin_ng.test_admin_ng_subscription.TestSuite" name="test_admin_ng_subscription_quota_style[preferred-Preferred]" time="91.775"/>
<testcase classname="tests.ui.account_v3.test_account_plans_details_reports_archive.TestSuite" name="test_account_plans_details_reports_archive_not_accessible_by_non_planet_users[1000_1612030047.002107_email@test.planet.com-QE_test_bFcNmkXhNE]" time="32.725"/>
<testcase classname="tests.ui.account_v3.test_account_usage_adjustment.TestSuite" name="test_account_usage_adjustment_update_plan_different_values[95.175-10,000 km\xb2-0 km\xb2-9,904.83 km\xb2-95.18 km\xb2-True-0% KM\xb2 USED-1% KM\xb2 USED]" time="114.278"/>
<testcase classname="tests.ui.account_v3.test_account_all_organizations.TestSuite" name="test_account_all_organizations_planet_admin_and_planet_viewer_have_access_to_any_org[1999_1783116375.446303_email@test.planet.com]" time="40.070"/>
<testcase classname="tests.ui.account_v3.test_account_all_users.TestSuite" name="test_account_all_users_filter_by_status_column[1999_1783116375.446303_email@test.planet.com]" time="132.896"/>
<testcase classname="tests.ui.account_v3.test_account_plans_details_reports_streaming.TestSuite" name="test_account_plans_details_reports_streaming_not_breakdown_by_user[Organization [1650997055.58544]-1000_1650997063.616101_email@test.planet.com]" time="46.518"/>
<testcase classname="tests.ui.account_v3.test_account_all_plans.TestSuite" name="test_account_all_plans_pagination_next_and_prev_page[50-1999_1783116375.446303_email@test.planet.com]" time="134.779"/>
<testcase classname="tests.ui.account_v3.test_account_sub_organizations.TestSuite" name="test_account_sub_organizations_pagination_rows_per_page[50-2000_1626916359.543333_email@test.planet.com]" time="76.001"/>
<testcase classname="tests.ui.account_v3.test_account_plans_details_reports_downloads.TestSuite" name="test_account_plans_details_reports_downloads_daily_detailed_starter_plan[Organization [1651638901.726547]-1000_1651638907.825877_email@test.planet.com]" time="47.394"/>
<testcase classname="tests.ui.account_v3.test_account_all_organizations.TestSuite" name="test_account_all_organizations_filter_by_status_column[1999_1783116375.446303_email@test.planet.com]" time="74.391"/>
<testcase classname="tests.ui.account_v3.test_account_all_organizations.TestSuite" name="test_account_all_organizations_planet_admin_and_planet_viewer_have_access_to_sub_org[2000_1626916359.543333_email@test.planet.com]" time="51.594"/>
<testcase classname="tests.ui.admin_ng.test_admin_ng_subscription.TestSuite" name="test_admin_ng_subscription_quota_style[premium-Premium]" time="89.144"/>
<testcase classname="tests.ui.account_v3.test_account_plans_details_reports_streaming.TestSuite" name="test_account_plans_details_reports_streaming_not_breakdown_by_user[Organization [1650997055.58544]-1999_2078991904.1999103_email@test.planet.com]" time="49.893"/>
<testcase classname="tests.ui.account_v3.test_account_all_plans.TestSuite" name="test_account_all_plans_filter_by_active_expired_inactive_status[1999_1783116375.446303_email@test.planet.com]" time="118.483"/>
<testcase classname="tests.ui.account_v3.test_account_all_users.TestSuite" name="test_account_all_users_pagination_next_and_prev_page[20-1999_1783116375.446303_email@test.planet.com]" time="209.202"/>
<testcase classname="tests.ui.account_v3.test_account_all_plans.TestSuite" name="test_account_all_plans_org_admin_org_plans_have_access_are_visible[1000_1626916363.9706812_email@test.planet.com]" time="63.801"/>
<testcase classname="tests.ui.account_v3.test_account_plans_details_reports_downloads.TestSuite" name="test_account_plans_details_reports_downloads_daily_detailed_starter_plan[Organization [1651638901.726547]-1999_1783116375.446303_email@test.planet.com]" time="52.367"/>
<testcase classname="tests.ui.admin_ng.test_admin_ng_subscription.TestSuite" name="test_admin_ng_subscription_infinite_quota_disable_quotas_sub_org[premium-1000-False]" time="238.670"/>
<testcase classname="tests.ui.account_v3.test_account_sub_organizations.TestSuite" name="test_account_sub_organizations_pagination_rows_per_page[50-1999_1783116375.446303_email@test.planet.com]" time="74.185"/>
<testcase classname="tests.ui.account_v3.test_account_all_organizations.TestSuite" name="test_account_all_organizations_planet_admin_and_planet_viewer_have_access_to_sub_org[1999_1783116375.446303_email@test.planet.com]" time="49.727"/>
<testcase classname="tests.ui.account_v3.test_account_all_organizations.TestSuite" name="test_account_all_organizations_pagination_rows_per_page[10-2000_1626916359.543333_email@test.planet.com]" time="72.201"/>
<testcase classname="tests.ui.account_v3.test_account_plans_details_reports_streaming.TestSuite" name="test_account_plans_details_reports_streaming_not_breakdown_by_user[Organization [1650997055.58544]-2000_1650997057.4444191_email@test.planet.com]" time="50.599"/>
<testcase classname="tests.ui.account_v3.test_account_all_plans.TestSuite" name="test_account_all_plans_planet_admin_and_planet_viewer_have_access_to_active_plan[2000_1626916359.543333_email@test.planet.com]" time="39.062"/>
<testcase classname="tests.ui.account_v3.test_account_usage_adjustment.TestSuite" name="test_account_usage_adjustment_update_plan_different_values[-99999-10,000 km\xb2-0 km\xb2-109,999 km\xb2--99,999 km\xb2-True-0% KM\xb2 USED-0% KM\xb2 USED]" time="122.941"/>
<testcase classname="tests.ui.account_v3.test_account_plans_details_reports_downloads.TestSuite" name="test_account_plans_details_reports_downloads_daily_detailed_starter_plan[Organization [1651638901.726547]-2000_1626916359.543333_email@test.planet.com]" time="54.674"/>
<testcase classname="tests.ui.account_v3.test_account_all_organizations.TestSuite" name="test_account_all_organizations_planet_admin_and_planet_viewer_have_access_to_disabled_org[2000_1626916359.543333_email@test.planet.com]" time="51.346"/>
<testcase classname="tests.ui.account_v3.test_account_all_users.TestSuite" name="test_account_all_users_without_and_with_all_filter_by_status_column[2000_1626916359.543333_email@test.planet.com]" time="155.472"/>
<testcase classname="tests.ui.account_v3.test_account_plans_details_reports_streaming.TestSuite" name="test_account_plans_details_reports_streaming_breakdown_by_user[Organization [1650997055.58544]-1000_1650997063.616101_email@test.planet.com]" time="47.210"/>
<testcase classname="tests.ui.account_v3.test_account_sub_organizations.TestSuite" name="test_account_sub_organizations_pagination_next_and_prev_page[10-2000_1626916359.543333_email@test.planet.com]" time="67.192"/>
<testcase classname="tests.ui.account_v3.test_account_all_plans.TestSuite" name="test_account_all_plans_planet_admin_and_planet_viewer_have_access_to_active_plan[1999_1783116375.446303_email@test.planet.com]" time="44.886"/>
<testcase classname="tests.ui.admin_ng.test_admin_ng_subscription.TestSuite" name="test_admin_ng_subscription_quota_style[global_area_under_management-Global Area Under Management]" time="107.621"/>
<testcase classname="tests.ui.account_v3.test_account_all_organizations.TestSuite" name="test_account_all_organizations_pagination_rows_per_page[10-1999_1783116375.446303_email@test.planet.com]" time="75.094"/>
<testcase classname="tests.ui.account_v3.test_account_all_plans.TestSuite" name="test_account_all_plans_filter_by_deleted_package_and_deleted_status[2000_1626916359.543333_email@test.planet.com]" time="107.346"/>
<testcase classname="tests.ui.account_v3.test_account_plans_details_reports_downloads.TestSuite" name="test_account_plans_details_reports_downloads_daily_summary_starter_plan[Organization [1651638901.726547]-1000_1651638907.825877_email@test.planet.com]" time="49.715"/>
<testcase classname="tests.ui.account_v3.test_account_all_organizations.TestSuite" name="test_account_all_organizations_planet_admin_and_planet_viewer_have_access_to_disabled_org[1999_1783116375.446303_email@test.planet.com]" time="49.309"/>
<testcase classname="tests.ui.account_v3.test_account_plans_details_reports_streaming.TestSuite" name="test_account_plans_details_reports_streaming_breakdown_by_user[Organization [1650997055.58544]-1999_2078991904.1999103_email@test.planet.com]" time="48.887"/>
<testcase classname="tests.ui.account_v3.test_account_all_plans.TestSuite" name="test_account_all_plans_planet_admin_and_planet_viewer_have_access_to_expired_plan[2000_1626916359.543333_email@test.planet.com]" time="50.947"/>
<testcase classname="tests.ui.account_v3.test_account_sub_organizations.TestSuite" name="test_account_sub_organizations_pagination_next_and_prev_page[10-1999_1783116375.446303_email@test.planet.com]" time="67.904"/>
<testcase classname="tests.ui.account_v3.test_account_plans_details_reports_downloads.TestSuite" name="test_account_plans_details_reports_downloads_daily_summary_starter_plan[Organization [1651638901.726547]-1999_1783116375.446303_email@test.planet.com]" time="55.393"/>
<testcase classname="tests.ui.account_v3.test_account_usage_adjustment.TestSuite" name="test_account_usage_adjustment_verify_balance" time="476.165"/>
<testcase classname="tests.ui.account_v3.test_account_all_organizations.TestSuite" name="test_account_all_organizations_pagination_rows_per_page[15-2000_1626916359.543333_email@test.planet.com]" time="67.092"/>
<testcase classname="tests.ui.account_v3.test_account_all_users.TestSuite" name="test_account_all_users_pagination_next_and_prev_page[50-2000_1626916359.543333_email@test.planet.com]" time="173.598"/>
<testcase classname="tests.ui.account_v3.test_account_all_organizations.TestSuite" name="test_account_all_organizations_planet_admin_and_planet_viewer_have_access_to_deleted_org[2000_1626916359.543333_email@test.planet.com]" time="53.900"/>
<testcase classname="tests.ui.account_v3.test_account_plans_details_reports_streaming.TestSuite" name="test_account_plans_details_reports_streaming_breakdown_by_user[Organization [1650997055.58544]-2000_1650997057.4444191_email@test.planet.com]" time="49.658"/>
<testcase classname="tests.ui.admin_ng.test_admin_ng_subscription.TestSuite" name="test_admin_ng_subscription_no_end_date_parent_org[starter]" time="91.958"/>
<testcase classname="tests.ui.account_v3.test_account_all_plans.TestSuite" name="test_account_all_plans_planet_admin_and_planet_viewer_have_access_to_expired_plan[1999_1783116375.446303_email@test.planet.com]" time="49.935"/>
<testcase classname="tests.ui.account_v3.test_account_all_plans.TestSuite" name="test_account_all_plans_filter_by_deleted_package_and_deleted_status[1999_1783116375.446303_email@test.planet.com]" time="101.800"/>
<testcase classname="tests.ui.account_v3.test_account_plans_details_reports_downloads.TestSuite" name="test_account_plans_details_reports_downloads_daily_summary_starter_plan[Organization [1651638901.726547]-2000_1626916359.543333_email@test.planet.com]" time="51.563"/>
<testcase classname="tests.ui.account_v3.test_account_plans_details_reports_streaming.TestSuite" name="test_account_plans_details_reports_streaming_invalid_date_range[Organization [1650997055.58544]-1000_1650997063.616101_email@test.planet.com]" time="38.120"/>
<testcase classname="tests.ui.account_v3.test_account_sub_organizations.TestSuite" name="test_account_sub_organizations_pagination_next_and_prev_page[15-2000_1626916359.543333_email@test.planet.com]" time="67.491"/>
<testcase classname="tests.ui.account_v3.test_account_all_users.TestSuite" name="test_account_all_users_without_and_with_all_filter_by_status_column[1999_1783116375.446303_email@test.planet.com]" time="153.209"/>
<testcase classname="tests.ui.account_v3.test_account_all_organizations.TestSuite" name="test_account_all_organizations_planet_admin_and_planet_viewer_have_access_to_deleted_org[1999_1783116375.446303_email@test.planet.com]" time="57.098"/>
<testcase classname="tests.ui.account_v3.test_account_all_plans.TestSuite" name="test_account_all_plans_planet_admin_and_planet_viewer_have_access_to_inactive_plan[2000_1626916359.543333_email@test.planet.com]" time="50.181"/>
<testcase classname="tests.ui.account_v3.test_account_all_organizations.TestSuite" name="test_account_all_organizations_pagination_rows_per_page[15-1999_1783116375.446303_email@test.planet.com]" time="70.701"/>
<testcase classname="tests.ui.admin_ng.test_admin_ng_subscription.TestSuite" name="test_admin_ng_subscription_no_end_date_parent_org[preferred]" time="77.807"/>
<testcase classname="tests.ui.account_v3.test_account_plans_details_reports_streaming.TestSuite" name="test_account_plans_details_reports_streaming_invalid_date_range[Organization [1650997055.58544]-1999_2078991904.1999103_email@test.planet.com]" time="43.686"/>
<testcase classname="tests.ui.admin_ng.test_admin_ng_subscription.TestSuite" name="test_admin_ng_subscription_infinite_quota_disable_quotas_sub_org[global_area_under_management-10000-True]" time="252.263"/>
<testcase classname="tests.ui.account_v3.test_account_plans_details_reports_downloads.TestSuite" name="test_account_plans_details_reports_downloads_starter_plan_no_reports_by_date_filter[Daily Usage-Organization [1651638901.726547]-1000_1651638907.825877_email@test.planet.com]" time="52.588"/>
<testcase classname="tests.ui.account_v3.test_account_all_plans.TestSuite" name="test_account_all_plans_planet_admin_and_planet_viewer_have_access_to_inactive_plan[1999_1783116375.446303_email@test.planet.com]" time="49.908"/>
<testcase classname="tests.ui.account_v3.test_account_sub_organizations.TestSuite" name="test_account_sub_organizations_pagination_next_and_prev_page[15-1999_1783116375.446303_email@test.planet.com]" time="73.802"/>
<testcase classname="tests.ui.account_v3.test_account_all_plans.TestSuite" name="test_account_all_plans_pagination_rows_per_page[10-2000_1626916359.543333_email@test.planet.com]" time="94.890"/>
<testcase classname="tests.ui.account_v3.test_account_plans_details_reports_streaming.TestSuite" name="test_account_plans_details_reports_streaming_invalid_date_range[Organization [1650997055.58544]-2000_1650997057.4444191_email@test.planet.com]" time="45.351"/>
<testcase classname="tests.ui.account_v3.test_account_plans_details_reports_downloads.TestSuite" name="test_account_plans_details_reports_downloads_starter_plan_no_reports_by_date_filter[Daily Usage-Organization [1651638901.726547]-1999_1783116375.446303_email@test.planet.com]" time="55.307"/>
<testcase classname="tests.ui.account_v3.test_account_all_organizations.TestSuite" name="test_account_all_organizations_pagination_rows_per_page[20-2000_1626916359.543333_email@test.planet.com]" time="83.323"/>
<testcase classname="tests.ui.account_v3.test_account_all_plans.TestSuite" name="test_account_all_plans_planet_admin_and_planet_viewer_have_access_to_deleted_package_plan[2000_1626916359.543333_email@test.planet.com]" time="48.181"/>
<testcase classname="tests.ui.admin_ng.test_admin_ng_subscription.TestSuite" name="test_admin_ng_subscription_no_end_date_parent_org[premium]" time="88.556"/>
<testcase classname="tests.ui.account_v3.test_account_all_users.TestSuite" name="test_account_all_users_pagination_next_and_prev_page[50-1999_1783116375.446303_email@test.planet.com]" time="172.693"/>
<testcase classname="tests.ui.account_v3.test_account_all_users.TestSuite" name="test_account_all_users_pagination_rows_per_page[10-2000_1626916359.543333_email@test.planet.com]" time="117.800"/>
<testcase classname="tests.ui.account_v3.test_account_all_plans.TestSuite" name="test_account_all_plans_sort_plan_and_id_columns[2000_1626916359.543333_email@test.planet.com]" time="121.819"/>
<testcase classname="tests.ui.account_v3.test_account_sub_organizations.TestSuite" name="test_account_sub_organizations_pagination_next_and_prev_page[20-2000_1626916359.543333_email@test.planet.com]" time="70.094"/>
<testcase classname="tests.ui.account_v3.test_account_pv_add_new_contract.TestSuite" name="test_account_pv_add_new_contract" time="102.772"/>
<testcase classname="tests.ui.admin_ng.test_admin_ng_subscription.TestSuite" name="test_admin_ng_subscription_infinite_quota_enabled_quotas_parent_org[starter-False]" time="95.976"/>
<testcase classname="tests.ui.account_v3.test_account_all_users.TestSuite" name="test_account_all_users_org_user_does_not_have_access_to_all_users_page[100_1626916367.9476259_email@test.planet.com]" time="25.692"/>
<testcase classname="tests.ui.account_v3.test_account_plans_details_reports_downloads.TestSuite" name="test_account_plans_details_reports_downloads_starter_plan_no_reports_by_date_filter[Daily Usage-Organization [1651638901.726547]-2000_1626916359.543333_email@test.planet.com]" time="55.268"/>
<testcase classname="tests.ui.account_v3.test_account_all_plans.TestSuite" name="test_account_all_plans_planet_admin_and_planet_viewer_have_access_to_deleted_package_plan[1999_1783116375.446303_email@test.planet.com]" time="48.481"/>
<testcase classname="tests.ui.account_v3.test_account_all_plans.TestSuite" name="test_account_all_plans_pagination_rows_per_page[10-1999_1783116375.446303_email@test.planet.com]" time="90.883"/>
<testcase classname="tests.ui.admin_ng.test_admin_ng_subscription.TestSuite" name="test_admin_ng_subscription_no_end_date_parent_org[global_area_under_management]" time="72.965"/>
<testcase classname="tests.ui.account_v3.test_account_all_users.TestSuite" name="test_account_all_users_org_admin_users_have_access_are_visible[1000_1626916363.9706812_email@test.planet.com]" time="54.207"/>
<testcase classname="tests.ui.account_v3.test_account_plans_details_reports_downloads.TestSuite" name="test_account_plans_details_reports_downloads_starter_plan_no_reports_by_date_filter[Daily Detailed Usage-Organization [1651638901.726547]-1000_1651638907.825877_email@test.planet.com]" time="53.265"/>
<testcase classname="tests.ui.account_v3.test_account_sub_organizations.TestSuite" name="test_account_sub_organizations_pagination_next_and_prev_page[20-1999_1783116375.446303_email@test.planet.com]" time="76.795"/>
<testcase classname="tests.ui.account_v3.test_account_all_plans.TestSuite" name="test_account_all_plans_planet_admin_and_planet_viewer_have_access_to_deleted_plan[2000_1626916359.543333_email@test.planet.com]" time="60.199"/>
<testcase classname="tests.ui.admin_ng.test_admin_ng_subscription.TestSuite" name="test_admin_ng_subscription_infinite_quota_enabled_quotas_parent_org[preferred-False]" time="243.146"/>
<testcase classname="tests.ui.account_v3.test_account_all_users.TestSuite" name="test_account_all_users_org_admin_sub_org_users_have_access_are_visible[1000_1626916363.9706812_email@test.planet.com]" time="37.673"/>
<testcase classname="tests.ui.account_v3.test_account_all_users.TestSuite" name="test_account_all_users_pagination_rows_per_page[10-1999_1783116375.446303_email@test.planet.com]" time="118.313"/>
<testcase classname="tests.ui.admin_ng.compliance.test_admin_ng_user_compliance_create.TestSuite" name="test_admin_ng_user_compliance_create_org_admin_when_flag_for_russia[Organization User]" time="111.285"/>
<testcase classname="tests.ui.account_v3.test_account_pv_add_product.TestSuite" name="test_account_pv_add_product" time="61.704"/>
<testcase classname="tests.ui.account_v3.test_account_all_plans.TestSuite" name="test_account_all_plans_pagination_rows_per_page[15-2000_1626916359.543333_email@test.planet.com]" time="91.495"/>
<testcase classname="tests.ui.account_v3.test_account_plans_details_reports_downloads.TestSuite" name="test_account_plans_details_reports_downloads_starter_plan_no_reports_by_date_filter[Daily Detailed Usage-Organization [1651638901.726547]-1999_1783116375.446303_email@test.planet.com]" time="58.740"/>
<testcase classname="tests.ui.account_v3.test_account_all_plans.TestSuite" name="test_account_all_plans_planet_admin_and_planet_viewer_have_access_to_deleted_plan[1999_1783116375.446303_email@test.planet.com]" time="55.506"/>
<testcase classname="tests.ui.admin_ng.test_admin_ng_subscription.TestSuite" name="test_admin_ng_subscription_no_end_date_sub_org[starter]" time="93.243"/>
<testcase classname="tests.ui.account_v3.test_account_sub_organizations.TestSuite" name="test_account_sub_organizations_pagination_next_and_prev_page[50-2000_1626916359.543333_email@test.planet.com]" time="82.698"/>
<testcase classname="tests.ui.account_v3.test_account_pv_deactivate_contract.TestSuite" name="test_account_pv_deactivate_contract[add_new_contract0]" time="54.169"/>
<testcase classname="tests.ui.account_v3.test_account_all_plans.TestSuite" name="test_account_all_plans_org_user_have_access_to_view_the_plan[100_1626916367.9476259_email@test.planet.com]" time="32.821"/>
<testcase classname="tests.ui.account_v3.test_account_plans_details_reports_downloads.TestSuite" name="test_account_plans_details_reports_downloads_starter_plan_no_reports_by_date_filter[Daily Detailed Usage-Organization [1651638901.726547]-2000_1626916359.543333_email@test.planet.com]" time="55.015"/>
<testcase classname="tests.ui.account_v3.test_account_pv_enable_ff.TestSuite" name="test_account_pv_menu_item_enabled" time="31.179"/>
<testcase classname="tests.ui.account_v3.test_account_all_users.TestSuite" name="test_account_all_users_planet_admin_have_access_to_any_users[2000_1626916359.543333_email@test.planet.com]" time="100.314"/>
<testcase classname="tests.ui.account_v3.test_account_all_plans.TestSuite" name="test_account_all_plans_pagination_rows_per_page[15-1999_1783116375.446303_email@test.planet.com]" time="92.506"/>
<testcase classname="tests.ui.account_v3.test_account_all_users.TestSuite" name="test_account_all_users_pagination_rows_per_page[15-2000_1626916359.543333_email@test.planet.com]" time="113.393"/>
<testcase classname="tests.ui.admin_ng.compliance.test_admin_ng_user_compliance_create.TestSuite" name="test_admin_ng_user_compliance_create_org_admin_when_flag_for_russia[Organization Admin]" time="118.233"/>
<testcase classname="tests.ui.admin_ng.organization.test_admin_ng_organization_aggregated_columns.TestSuite" name="test_admin_ng_organization_aggregated_columns_verify_number_of_suborgs_and_plans[5]" time="269.683"/>
<testcase classname="tests.ui.account_v3.test_account_plans_details_reports_downloads.TestSuite" name="test_account_plans_details_reports_downloads_starter_plan_no_reports_by_date_filter[Monthly Usage-Organization [1651638901.726547]-1000_1651638907.825877_email@test.planet.com]" time="49.491"/>
<testcase classname="tests.ui.account_v3.test_account_pv_filter_contracts.TestSuite" name="test_account_pv_filter_by_contracts_org_name_and_pl_number[ZZZ_filter_contract_test_ui]" time="38.313"/>
<testcase classname="tests.ui.account_v3.test_account_sub_organizations.TestSuite" name="test_account_sub_organizations_pagination_next_and_prev_page[50-1999_1783116375.446303_email@test.planet.com]" time="87.406"/>
<testcase classname="tests.ui.admin_ng.test_admin_ng_subscription.TestSuite" name="test_admin_ng_subscription_no_end_date_sub_org[preferred]" time="97.813"/>
<testcase classname="tests.ui.account_v3.test_account_usage_adjustment.TestSuite" name="test_account_usage_adjustment_amount_value_edge_cases[1000000001-You cannot debit more than 1 billion]" time="86.358"/>
<testcase classname="tests.ui.admin_ng.compliance.test_admin_ng_user_compliance_create.TestSuite" name="test_admin_ng_user_compliance_create_org_admin_when_mark_false_positive_cancelled" time="36.878"/>
<testcase classname="tests.ui.account_v3.test_account_pv_filter_contracts.TestSuite" name="test_account_pv_filter_by_contracts_org_name_and_pl_number[My fake org]" time="31.528"/>
<testcase classname="tests.ui.account_v3.test_account_all_users.TestSuite" name="test_account_all_users_sort_name_and_user_id_columns[2000_1626916359.543333_email@test.planet.com]" time="112.678"/>
<testcase classname="tests.ui.admin_ng.organization.test_admin_ng_organization_audit_log.TestSuite" name="test_admin_ng_organization_audit_log_my_org_verify_audit_log_wont_show_organization_user_and_organization_admin[clone.account.organization.user@gmail.com]" time="56.994"/>
<testcase classname="tests.ui.account_v3.test_account_plans_details_reports_downloads.TestSuite" name="test_account_plans_details_reports_downloads_starter_plan_no_reports_by_date_filter[Monthly Usage-Organization [1651638901.726547]-1999_1783116375.446303_email@test.planet.com]" time="57.766"/>
<testcase classname="tests.ui.account_v3.test_account_pv_filter_contracts.TestSuite" name="test_account_pv_filter_by_contracts_org_name_and_pl_number[PL-7654321]" time="32.098"/>
<testcase classname="tests.ui.admin_ng.compliance.test_admin_ng_user_compliance_create.TestSuite" name="test_admin_ng_user_compliance_create_org_admin_when_mark_false_positive_confirmed" time="39.969"/>
<testcase classname="tests.ui.account_v3.test_account_all_users.TestSuite" name="test_account_all_users_planet_viewer_have_access_to_any_users[1999_1783116375.446303_email@test.planet.com]" time="98.230"/>
<testcase classname="tests.ui.admin_ng.organization.test_admin_ng_organization_audit_log.TestSuite" name="test_admin_ng_organization_audit_log_my_org_verify_audit_log_wont_show_organization_user_and_organization_admin[clone.account.organization.admin@gmail.com]" time="38.935"/>
<testcase classname="tests.ui.account_v3.test_account_all_plans.TestSuite" name="test_account_all_plans_pagination_rows_per_page[20-2000_1626916359.543333_email@test.planet.com]" time="114.197"/>
<testcase classname="tests.ui.admin_ng.organization.test_admin_ng_organization_pagination_sorting_filtering.TestSuite" name="test_admin_ng_organization_verify_pagination_numbers[org_page_sort_filter_fixture1]" time="50.265"/>
<testcase classname="tests.ui.account_v3.test_account_dashboard.TestSuite" name="test_account_dashboard_org_user_general_plan_info[100_1626916367.9476259_email@test.planet.com]" time="31.984"/>
<testcase classname="tests.ui.account_v3.test_account_sub_organizations.TestSuite" name="test_account_sub_organizations_filter_by_status[2000_1626916359.543333_email@test.planet.com]" time="88.091"/>
<testcase classname="tests.ui.account_v3.test_account_all_users.TestSuite" name="test_account_all_users_pagination_rows_per_page[15-1999_1783116375.446303_email@test.planet.com]" time="117.898"/>
<testcase classname="tests.ui.account_v3.test_account_plans_details_reports_downloads.TestSuite" name="test_account_plans_details_reports_downloads_starter_plan_no_reports_by_date_filter[Monthly Usage-Organization [1651638901.726547]-2000_1626916359.543333_email@test.planet.com]" time="51.602"/>
<testcase classname="tests.ui.admin_ng.test_admin_ng_subscription.TestSuite" name="test_admin_ng_subscription_no_end_date_sub_org[premium]" time="96.668"/>
<testcase classname="tests.ui.account_v3.test_account_pv_remove_product.TestSuite" name="test_account_pv_remove_product[add_product_to_contract0]" time="196.598"/>
<testcase classname="tests.ui.account_v3.test_account_usage_adjustment.TestSuite" name="test_account_usage_adjustment_amount_value_edge_cases[-1000000001-You cannot credit more than 1 billion]" time="95.565"/>
<testcase classname="tests.ui.account_v3.test_account_dashboard.TestSuite" name="test_account_dashboard_org_user_apps[100_1626916367.9476259_email@test.planet.com]" time="24.796"/>
<testcase classname="tests.ui.admin_ng.organization.test_admin_ng_organization_audit_log.TestSuite" name="test_admin_ng_organization_audit_log_my_org_verify_audit_log_wont_show_organization_user_and_organization_admin[clone.account.planet.admin.view.only@gmail.com]" time="40.364"/>
<testcase classname="tests.ui.admin_ng.compliance.test_admin_ng_user_compliance_create.TestSuite" name="test_admin_ng_user_compliance_create_org_admin_verify_user_creation_notification_message[Iran]" time="70.540"/>
<testcase classname="tests.ui.account_v3.test_account_dashboard.TestSuite" name="test_account_dashboard_org_user_tools_resources[100_1626916367.9476259_email@test.planet.com]" time="25.374"/>
<testcase classname="tests.ui.admin_ng.organization.test_admin_ng_organization_pagination_sorting_filtering.TestSuite" name="test_admin_ng_organization_verify_pagination_next_and_prev[org_page_sort_filter_fixture0]" time="50.516"/>
<testcase classname="tests.ui.account_v3.test_account_plans_details_reports_downloads.TestSuite" name="test_account_plans_details_reports_downloads_starter_plan_no_reports_by_date_filter[Monthly Detailed Usage-Organization [1651638901.726547]-1000_1651638907.825877_email@test.planet.com]" time="48.301"/>
<testcase classname="tests.ui.account_v3.test_account_user_invite.TestSuite" name="test_admin_ng_user_invite_verify_url_from_email[invite_user0]" time="37.412"/>
<testcase classname="tests.ui.admin_ng.test_admin_ng_subscription.TestSuite" name="test_admin_ng_subscription_infinite_quota_enabled_quotas_parent_org[premium-False]" time="92.541"/>
<testcase classname="tests.ui.account_v3.test_account_dashboard.TestSuite" name="test_account_dashboard_org_user_navigation_menus[100_1626916367.9476259_email@test.planet.com]" time="24.018"/>
[...]
<testcase classname="tests.ui.explorer.test_explorer_folder.TestExplorerFolder" name="test_folders_invalid_itemtypes[PlanetScope Ortho Tile-san_francisco-None]" time="67.913"/>
<testcase classname="tests.ui.admin_ng.plan.test_admin_ng_plans_create.TestSuite" name="test_admin_ng_plans_create_with_invalid_pl_number_input_field_after_add_button_clicked[Pl-123456677-Invalid Opportunity ID. Please provide valid PL-Numbers or Theme.]" time="48.486"/>
<testcase classname="tests.ui.admin_ng.users.test_admin_ng_users_create.TestSuite" name="test_admin_ng_my_org_members_create_planet_admin_when_submit_successfully_for_planet_admin" time="223.444"/>
<testcase classname="tests.ui.explorer.test_explorer_orders.TestSuite" name="test_explorer_order_continue_tools_when_assets_selected" time="58.321"/>
<testcase classname="tests.ui.explorer.test_explorer_orders.TestSuite" name="test_explorer_order_multiple_item_types" time="79.171"/>
<testcase classname="tests.ui.explorer.test_explorer_orders.TestSuite" name="test_explorer_order_single_bundle_at_a_time" time="66.306"/>
<testcase classname="tests.ui.explorer.test_explorer_folder.TestExplorerFolder" name="test_folders_ov2_delivery_item_types_in_explorer[Landsat 8 Scene]" time="283.378"/>
<testcase classname="tests.ui.explorer.test_explorer_orders.TestSuite" name="test_specific_bundles_for_user_suborg3[item_type1-Panchromatic DN]" time="62.221"/>
<testcase classname="tests.ui.admin_ng.plan.test_admin_ng_plans_create.TestSuite" name="test_admin_ng_plans_create_with_invalid_pl_number_input_field_after_add_button_clicked[PL-!@#$%^&*()-Invalid Opportunity ID. Please provide valid PL-Numbers or Theme.]" time="46.998"/>
<testcase classname="tests.ui.explorer.test_explorer_folder.TestExplorerFolder" name="test_folders_ov2_delivery_item_types_in_explorer[SkySat Scene]" time="291.776"/>
<testcase classname="tests.ui.explorer.test_explorer_folder.TestExplorerFolder" name="test_folders_invalid_itemtypes[RapidEye Basic Scene-beatty_nevada-date_range1]" time="82.869"/>
<testcase classname="tests.ui.explorer.test_explorer_orders.TestSuite" name="test_explorer_order_verify_clipping" time="58.358"/>
<testcase classname="tests.ui.explorer.test_explorer_orders.TestSuite" name="test_assets_for_different_items[SkySat Collect-wilmington]" time="70.368"/>
<testcase classname="tests.ui.explorer.test_explorer_orders.TestSuite" name="test_explorer_order_verify_order_summary" time="55.242"/>
<testcase classname="tests.ui.explorer.test_explorer_orders.TestSuite" name="test_order_name_length_max" time="63.947"/>
<testcase classname="tests.ui.explorer.test_explorer_instrument_filter.TestSuite" name="test_explorer_instrument_filter[PlanetScope Scene-PSScene-instrument_types1-inst_type_curl1]" time="54.711"/>
<testcase classname="tests.ui.explorer.test_explorer_orders.TestSuite" name="test_explorer_hosted_order_verify_clipping" time="58.285"/>
<testcase classname="tests.ui.explorer.test_explorer_orders.TestSuite" name="test_explorer_order_over_100_items" time="109.799"/>
<testcase classname="tests.ui.explorer.test_explorer_folder.TestExplorerFolder" name="test_folders_invalid_itemtypes[Landsat 8 Scene-san_francisco-None]" time="63.035"/>
<testcase classname="tests.ui.explorer.test_explorer_orders.TestSuite" name="test_explorer_hosted_order_verify_order_again" time="104.378"/>
<testcase classname="tests.ui.explorer.test_explorer_folder.TestExplorerFolder" name="test_folders_ov2_delivery_item_types_in_explorer[RapidEye Basic Scene]" time="739.167"/>
<testcase classname="tests.ui.explorer.test_explorer_orders.TestSuite" name="test_explorer_order_verify_order_placed" time="62.850"/>
<testcase classname="tests.ui.explorer.test_explorer_orders.TestSuite" name="test_explorer_order_clipping_unavailable_specific_user" time="49.412"/>
<testcase classname="tests.ui.explorer.test_explorer_instrument_filter.TestSuite" name="test_explorer_instrument_filter[PlanetScope Scene-PSScene-instrument_types2-inst_type_curl2]" time="50.259"/>
<testcase classname="tests.ui.explorer.test_explorer_orders.TestSuite" name="test_assets_for_different_items[PlanetScope Ortho Tile-san_francisco]" time="56.830"/>
<testcase classname="tests.ui.explorer.test_explorer_orders.TestSuite" name="test_explorer_hosted_order_creating_existing_folder_name" time="52.497"/>
<testcase classname="tests.ui.explorer.test_explorer_orders.TestSuite" name="test_explorer_hosted_order_single_item_existing_folder" time="58.437"/>
<testcase classname="tests.ui.explorer.test_explorer_psscene_order_imagery.TestSuite" name="test_explorer_psscene_order_imagery[nir]" time="71.711"/>
<testcase classname="tests.ui.explorer.test_explorer_instrument_filter.TestSuite" name="test_explorer_api_icon_items_verify" time="58.995"/>
<testcase classname="tests.ui.explorer.test_explorer_orders.TestSuite" name="test_explorer_hosted_order_verify_order_summary_clip_icon" time="53.083"/>
<testcase classname="tests.ui.explorer.test_explorer_orders.TestSuite" name="test_assets_for_different_items[Landsat 8 Scene-vilnius]" time="63.598"/>
<testcase classname="tests.ui.explorer.test_explorer_psscene_order_imagery.TestSuite" name="test_explorer_psscene_order_imagery[psscene_spectral_band_type3]" time="74.108"/>
<testcase classname="tests.ui.explorer.test_explorer_folder.TestExplorerFolder" name="test_folders_ov2_delivery_item_types_in_explorer[SkySat Collect]" time="523.660">
<skipped type="pytest.xfail" message="https://hello.planet.com/jira/browse/QT-209"/>
</testcase>
<testcase classname="tests.ui.explorer.test_explorer_psscene_order_imagery.TestSuite" name="test_explorer_psscene_order_imagery_harmonize_tool[Surface reflectance - 4 band-False]" time="89.602"/>
<testcase classname="tests.ui.explorer.test_explorer_psscene_order_imagery.TestSuite" name="test_explorer_psscene_order_imagery[multispectral]" time="72.883"/>
<testcase classname="tests.ui.explorer.test_explorer_psscene_order_imagery.TestSuite" name="test_explorer_psscene_order_imagery_harmonize_tool[Surface reflectance - 8 band-False]" time="89.159"/>
<testcase classname="tests.ui.explorer.test_explorer_psscene_order_imagery.TestSuite" name="test_explorer_psscene_order_imagery[visual]" time="71.531"/>
<testcase classname="tests.ui.explorer.test_explorer_psscene_order_imagery.TestSuite" name="test_explorer_psscene_order_imagery_harmonize_tool[Analytic radiance (TOAR) - 4 band-False]" time="86.735"/>
<testcase classname="tests.ui.explorer.test_explorer_psscene_order_imagery.TestSuite" name="test_explorer_psscene_order_imagery_harmonize_tool[Basic analytic radiance (TOAR) - 4 band-False]" time="84.745"/>
<testcase classname="tests.ui.explorer.test_explorer_psscene_saved_search.TestSuite" name="test_explorer_psscene_saved_search_contains_legacy_search_imagery_warning" time="48.679">
<skipped type="pytest.xfail" message="https://hello.planet.com/jira/browse/WEBAPPS-2173"/>
</testcase>
<testcase classname="tests.ui.explorer.test_explorer_psscene_order_imagery.TestSuite" name="test_explorer_psscene_order_imagery_harmonize_tool[Surface reflectance - 4 band-True]" time="91.706"/>
<testcase classname="tests.ui.explorer.test_explorer_psscene_order_imagery.TestSuite" name="test_explorer_psscene_order_imagery_harmonize_tool[Surface reflectance - 8 band-True]" time="90.090"/>
<testcase classname="tests.ui.explorer.test_explorer_psscene_order_imagery.TestSuite" name="test_explorer_psscene_order_imagery_harmonize_tool[Basic analytic radiance (TOAR) - 8 band-False]" time="86.427"/>
<testcase classname="tests.ui.explorer.test_explorer_psscene_order_imagery.TestSuite" name="test_explorer_psscene_order_imagery_harmonize_tool[Visual-False]" time="88.596"/>
<testcase classname="tests.ui.explorer.test_explorer_psscene_order_imagery.TestSuite" name="test_explorer_psscene_order_imagery_harmonize_tool[Analytic radiance (TOAR) - 8 band-False]" time="85.983"/>
<testcase classname="tests.ui.explorer.test_explorer_psscene_saved_search.TestSuite" name="test_explorer_psscene_saved_search_update_legacy_saved_search_confirmation" time="92.282">
<skipped type="pytest.xfail" message="https://hello.planet.com/jira/browse/WEBAPPS-2173"/>
</testcase>
<testcase classname="tests.ui.explorer.test_explorer_psscene_saved_search.TestSuite" name="test_explorer_psscene_saved_search_create_saved_search[nir]" time="91.197"/>
<testcase classname="tests.ui.explorer.test_explorer_save_search.TestSuite" name="test_explorer_save_search_existing_folder" time="92.537"/>
<testcase classname="tests.ui.admin_ng.test_admin_ng_subscription.TestSuite" name="test_admin_ng_subscription_infinite_quota_disable_quotas_sub_org[starter-10-False]" time="330.220"/>
<testcase classname="tests.ui.explorer.test_explorer_psscene_saved_search.TestSuite" name="test_explorer_psscene_saved_search_create_saved_search[multispectral]" time="90.530"/>
<testcase classname="tests.ui.explorer.test_explorer_save_search.TestSuite" name="test_explorer_save_search_loading" time="43.356"/>
<testcase classname="tests.ui.explorer.test_explorer_orders.TestSuite" name="test_asset_delivery_format" time="207.792"/>
<testcase classname="tests.ui.explorer.test_explorer_save_search.TestSuite" name="test_explorer_save_search_new_folder" time="80.938"/>
<testcase classname="tests.ui.explorer.test_help_menu.TestHelpMenu" name="test_menu_content" time="28.666"/>
<testcase classname="tests.ui.explorer.test_explorer_psscene_saved_search.TestSuite" name="test_explorer_psscene_saved_search_create_saved_search[psscene_spectral_band_type3]" time="90.189"/>
<testcase classname="tests.ui.explorer.test_explorer_save_search.TestSuite" name="test_explorer_save_search_delete" time="40.804"/>
<testcase classname="tests.ui.explorer.test_explorer_folder.TestExplorerFolder" name="test_folders_ov2_delivery_all_item_types_in_explorer" time="432.309">
<skipped type="pytest.xfail" message="https://hello.planet.com/jira/browse/QT-209"/>
<skipped type="pytest.xfail" message="https://hello.planet.com/jira/browse/QT-209"/>
</testcase>
<testcase classname="tests.ui.explorer.test_help_menu.TestHelpMenu" name="test_leave_feedback" time="40.371"/>
<testcase classname="tests.ui.explorer.test_help_menu.TestHelpMenu" name="test_get_help" time="41.146"/>
<testcase classname="tests.ui.explorer.test_explorer_save_search.TestSuite" name="test_explorer_save_search_update" time="65.987"/>
<testcase classname="tests.ui.explorer.test_help_menu.TestHelpMenu" name="test_user_guide" time="42.370"/>
<testcase classname="tests.ui.explorer.test_help_menu.TestHelpMenu" name="test_take_a_tour" time="38.826"/>
<testcase classname="tests.ui.explorer.test_help_menu.TestHelpMenu" name="test_whats_new" time="37.398"/>
<testcase classname="tests.ui.payment.test_payment_order.TestSuite" name="test_payment_order_basemap_type[Visual-Monthly-4.99-363]" time="0.001">
<skipped type="pytest.skip" message="https://hello.planet.com/jira/browse/WEBAPPS-339">/home/qe/tests/ui/payment/test_payment_order.py:14: https://hello.planet.com/jira/browse/WEBAPPS-339</skipped>
</testcase>
<testcase classname="tests.ui.explorer.test_help_menu.TestHelpMenu" name="test_terms" time="40.708"/>
<testcase classname="tests.ui.payment.test_payment_order.TestSuite" name="test_payment_order_basemap_type[Visual-Quarterly-2.99-363]" time="0.002">
<skipped type="pytest.skip" message="https://hello.planet.com/jira/browse/WEBAPPS-339">/home/qe/tests/ui/payment/test_payment_order.py:14: https://hello.planet.com/jira/browse/WEBAPPS-339</skipped>
</testcase>
<testcase classname="tests.ui.payment.test_payment.TestSuite" name="test_search_smaller_aoi" time="18.532"/>
<testcase classname="tests.ui.payment.test_payment_order.TestSuite" name="test_payment_order_basemap_type[Normalized Surface Reflectance-Quarterly-3.89-363]" time="0.001">
<skipped type="pytest.skip" message="https://hello.planet.com/jira/browse/WEBAPPS-339">/home/qe/tests/ui/payment/test_payment_order.py:14: https://hello.planet.com/jira/browse/WEBAPPS-339</skipped>
</testcase>
<testcase classname="tests.ui.payment.test_payment.TestSuite" name="test_clear_search_button" time="16.422"/>
<testcase classname="tests.ui.payment.test_payment.TestSuite" name="test_search" time="12.288"/>
<testcase classname="tests.ui.payment.test_payment_order.TestSuite" name="test_upload_file[us_ca_fresno.json]" time="11.787"/>
<testcase classname="tests.ui.payment.test_payment_order.TestSuite" name="test_payment_order_search" time="13.727"/>
<testcase classname="tests.ui.payment.test_payment_order.TestSuite" name="test_upload_file[us_ca_fresno.kml]" time="11.575"/>
<testcase classname="tests.ui.payment.test_payment_order.TestSuite" name="test_upload_file[us_ca_fresno.gpx]" time="12.156"/>
<testcase classname="tests.ui.payment.test_payment.TestSuite" name="test_payment_contact_sales_submit" time="19.418"/>
<testcase classname="tests.ui.payment.test_payment_order.TestSuite" name="test_upload_file[us_ca_fresno.wkt]" time="11.795"/>
<testcase classname="tests.ui.payment.test_payment_order.TestSuite" name="test_upload_file[us_ca_fresno.geojson]" time="10.345"/>
<testcase classname="tests.ui.payment.test_payment_order.TestSuite" name="test_upload_file[us_ca_fresno.shp]" time="11.295"/>
<testcase classname="tests.ui.payment.test_payment_order.TestSuite" name="test_upload_file[us_ca_fresno_prj_shp.zip]" time="11.796"/>
<testcase classname="tests.ui.payment.test_payment_order.TestSuite" name="test_payment_order_archive[Visual-Quarterly-3.59-466]" time="23.566"/>
<testcase classname="tests.ui.payment.test_payment_order.TestSuite" name="test_payment_order_archive[Visual-Monthly-4.99-466]" time="26.658"/>
<testcase classname="tests.ui.payment.test_payment_order.TestSuite" name="test_payment_order_sr_alert" time="20.765"/>
<testcase classname="tests.ui.explorer.test_explorer_psscene_saved_search.TestSuite" name="test_explorer_psscene_saved_search_create_saved_search[visual]" time="83.600"/>
<testcase classname="tests.ui.explorer.test_explorer_folder.TestExplorerFolder" name="test_folders_viewing_content_metadata[PlanetScope Scene]" time="58.144"/>
<testcase classname="tests.ui.payment.test_payment_order.TestSuite" name="test_payment_order_basemap_type[Normalized Surface Reflectance-Monthly-6.49-363]" time="0.001">
<skipped type="pytest.skip" message="https://hello.planet.com/jira/browse/WEBAPPS-339">/home/qe/tests/ui/payment/test_payment_order.py:14: https://hello.planet.com/jira/browse/WEBAPPS-339</skipped>
</testcase>
<testcase classname="tests.ui.stories.test_stories_view.TestBrowseStories" name="test_invalid_login" time="9.646"/>
<testcase classname="tests.ui.explorer.test_explorer_folder.TestExplorerFolder" name="test_folders_ov2_delivery_item_types_in_explorer[PlanetScope Scene]" time="291.239"/>
<testcase classname="tests.ui.stories.test_stories_view.TestBrowseStories" name="test_delete_story" time="17.446"/>
<testcase classname="tests.ui.payment.test_payment_order.TestSuite" name="test_upload_file[us_ca_fresno_shp_shx_prj.zip]" time="11.835"/>
<testcase classname="tests.ui.payment.test_payment.TestSuite" name="test_payment_contact_sales" time="10.818"/>
<testcase classname="tests.ui.stories.test_stories_view.TestBrowseStories" name="test_my_stories_navigation_as_not_unauthorized_user" time="26.671"/>
<testcase classname="tests.ui.stories.test_stories_view.TestBrowseStories" name="test_view_story" time="15.331"/>
<testcase classname="tests.ui.stories.test_story_create.TestCreateStory" name="test_create_story_as_unauthorized_user" time="9.322"/>
<testcase classname="tests.ui.stories.test_story_view.TestViewStory" name="test_story_share_email" time="8.902"/>
<testcase classname="tests.ui.stories.test_story_view.TestViewStory" name="test_story_embed_close" time="10.766"/>
<testcase classname="tests.ui.stories.test_stories_view.TestBrowseStories" name="test_create_public_story" time="58.930"/>
<testcase classname="tests.ui.stories.test_story_create.TestCreateStory" name="test_create_timelapse_story" time="44.586"/>
<testcase classname="tests.ui.stories.test_story_create.TestCreateStory" name="test_timelapse_auto_select" time="34.382"/>
<testcase classname="tests.ui.stories.test_story_create.TestCreateStory" name="test_mosaics" time="41.279"/>
<testcase classname="tests.ui.stories.test_story_view.TestViewStory" name="test_story_embed_compare" time="7.825"/>
<testcase classname="tests.ui.stories.test_story_create.TestCreateStory" name="test_compare_auto_select" time="36.568"/>
<testcase classname="tests.ui.stories.test_story_create.TestCreateStory" name="test_imagery_filter_popup" time="42.860"/>
<testcase classname="tests.ui.stories.test_story_view.TestViewStory" name="test_story_view" time="8.397"/>
<testcase classname="tests.ui.stories.test_story_view.TestViewStory" name="test_story_embed_timelapse" time="7.343"/>
<testcase classname="tests.ui.stories.test_stories_view.TestBrowseStories" name="test_my_stories" time="71.346"/>
<testcase classname="tests.ui.stories.test_story_view.TestViewStory" name="test_story_share_url" time="10.447"/>
<testcase classname="tests.ui.stories.test_story_view.TestViewStory" name="test_story_share_linkedin" time="18.286"/>
<testcase classname="tests.ui.stories.test_story_view.TestViewStory" name="test_story_share_facebook" time="52.449"/>
<testcase classname="tests.ui.stories.test_story_create.TestCreateStory" name="test_search_suggestion" time="29.890"/>
<testcase classname="tests.ui.stories.test_story_view.TestViewStory" name="test_story_explorer_button_link" time="5.925"/>
<testcase classname="tests.ui.stories.test_story_create.TestCreateStory" name="test_zoom_no_imagery" time="112.681"/>
<testcase classname="tests.ui.stories.test_story_create.TestCreateStory" name="test_create_compare_story" time="42.707"/>
<testcase classname="tests.ui.stories.test_story_create.TestCreateStory" name="test_place_name_via_search" time="34.130"/>
<testcase classname="tests.ui.admin_ng.test_admin_ng_subscription.TestSuite" name="test_admin_ng_subscription_infinite_quota_disable_quotas_sub_org[preferred-100-False]" time="672.099">
<failure message="selenium.common.exceptions.TimeoutException: Message:">tests/ui/admin_ng/test_admin_ng_subscription.py:355: in test_admin_ng_subscription_infinite_quota_disable_quotas_sub_org subscriptions_page.save_subscription() core/ui/pages/admin_ng/admin_ng_subscriptions_page.py:140: in save_subscription self.wait_for(condition=lambda s: self.edit_subscription_button().is_displayed(), duration=90) core/ui/pages/page.py:65: in wait_for return WebDriverWait(self.driver, duration).until(condition) /usr/local/lib/python3.10/dist-packages/selenium/webdriver/support/wait.py:95: in until raise TimeoutException(message, screen, stacktrace) E selenium.common.exceptions.TimeoutException: Message:</failure>
</testcase>
<testcase classname="tests.ui.stories.test_story_view.TestViewStory" name="test_coordinates_tooltip" time="24.677">
<skipped type="pytest.xfail" message="https://hello.planet.com/jira/browse/WEBAPPS-1878"/>
</testcase>
<testcase classname="tests.ui.stories.test_story_view.TestViewStory" name="test_story_share_twitter" time="23.139"/>
<testcase classname="tests.ui.explorer.test_explorer_folder.TestExplorerFolder" name="test_folders_ov2_delivery_item_types_in_explorer[RapidEye Ortho Tile]" time="224.352"/>
<testcase classname="tests.ui.explorer.test_explorer_folder.TestExplorerFolder" name="test_folders_ov2_delivery_item_types_in_explorer[PlanetScope Ortho Tile]" time="221.717"/>
<testcase classname="tests.ui.stories.test_story_view.TestViewStory" name="test_story_share_close" time="8.707"/>
<testcase classname="tests.ui.explorer.test_explorer_folder.TestExplorerFolder" name="test_folders_ov2_delivery_item_types_in_explorer[Sentinel-2 Tile]" time="226.978"/>
<testcase classname="tests.ui.payment.test_payment.TestSuite" name="test_search_larger_aoi" time="14.839"/>
</testsuite>
</testsuites>